[20:43:45] ============================================================
[20:43:45]   E0-Step4: B1 Transformer 融合验证
[20:43:45] ============================================================
[20:43:45] 
════════════════════════════════════════════════════════════
[20:43:45]   E0-Step4 Transformer 融合: daletou
[20:43:45] ════════════════════════════════════════════════════════════
[20:43:45]   [Phase1 [daletou]] 开始...
[20:43:45] 
────────────────────────────────────────
[20:43:45] 阶段一：规则压缩 [daletou]
[20:43:45] ────────────────────────────────────────
[20:43:45]   [加载A2规则] 开始...
[20:43:45]   A2规则数: 10000 (JSON中保存的top规则)
[20:43:45]   A2总规则数: 3145919
[20:43:45]   [加载A2规则] 完成，耗时 0.0s
[20:43:45]   [A2规则聚类] 开始...
[20:43:45]   编码 10000 条规则...
[20:43:45]   搜索最优簇数，候选: (100, 200, 500, 800, 1000)
[20:43:46]     k=100: silhouette=0.0782
[20:43:46]     k=200: silhouette=0.0873
[20:43:48]     k=500: silhouette=0.1023
[20:43:50]     k=800: silhouette=0.1102
[20:43:52]     k=1000: silhouette=0.1103
[20:43:52]   最优簇数: 1000, silhouette=0.1103
[20:43:52]   [A2规则聚类] 完成，耗时 7.2s
[20:43:52]   [A1模式筛选] 开始...
[20:43:53]   A1总模式数: 11866
[20:43:53]   A1 confidence >= 0.4: 9298/11866
[20:43:53]   A1 分组筛选后: 812 条模式
[20:43:53]   [A1模式筛选] 完成，耗时 0.0s
[20:43:53]   已保存: phase1_clusters_daletou.json
[20:43:53] 
  阶段一汇总:
[20:43:53]     A2: 10000 条 → 1000 个簇 (silhouette=0.1103)
[20:43:53]     A1: 11866 条 → 812 条
[20:43:53]   [Phase1 [daletou]] 完成，耗时 7.3s
[20:43:53]   [Phase2 [daletou]] 开始...
[20:43:53] 
────────────────────────────────────────
[20:43:53] 阶段二：历史回放 [daletou]
[20:43:53] ────────────────────────────────────────
[20:43:53]   [加载数据] 开始...
[20:43:53]   总期数: 2833, 红球位置数: 5
[20:43:53]   [加载数据] 完成，耗时 0.0s
[20:43:53]   [预计算差分和统计量] 开始...
[20:43:53]   [预计算差分和统计量] 完成，耗时 0.0s
[20:43:53]   时间切分: 规则期[0:1699], 训练期[1699:2408], 测试期[2408:2833]
[20:43:53]   训练样本: 709 期, 测试样本: 425 期
[20:43:53]   [拟合归一化器] 开始...
[20:43:53]   [拟合归一化器] 完成，耗时 0.0s
[20:43:53]   [加载 A3/A4 规则] 开始...
[20:43:53]   A3 规则: 500 条, A4 规则: 1227 条
[20:43:53]   [加载 A3/A4 规则] 完成，耗时 0.0s
[20:43:53]   [A3 预计算离散化] 开始...
[20:43:53]   A3 分组: 10 组, 特征维度: 100
[20:43:53]   [A3 预计算离散化] 完成，耗时 0.0s
[20:43:53]   [A4 预计算离散化] 开始...
[20:43:53]   A4 分组: 21 组, 特征维度: 132
[20:43:53]   [A4 预计算离散化] 完成，耗时 0.0s
[20:43:53]   [构造训练集特征] 开始...
[20:43:53]     训练集进度: 100/709
[20:43:53]     训练集进度: 200/709
[20:43:53]     训练集进度: 300/709
[20:43:53]     训练集进度: 400/709
[20:43:53]     训练集进度: 500/709
[20:43:53]     训练集进度: 600/709
[20:43:54]     训练集进度: 700/709
[20:43:54]   [构造训练集特征] 完成，耗时 1.0s
[20:43:54]   [构造测试集特征] 开始...
[20:43:54]     测试集进度: 100/425
[20:43:54]     测试集进度: 200/425
[20:43:54]     测试集进度: 300/425
[20:43:54]     测试集进度: 400/425
[20:43:54]   [构造测试集特征] 完成，耗时 0.6s
[20:43:54]   [转换为numpy数组] 开始...
[20:43:54]   [转换为numpy数组] 完成，耗时 0.1s
[20:43:54] 
  数据集形状:
[20:43:54]     train_X: (709, 2147), train_Y: (709, 5)
[20:43:54]     test_X:  (425, 2147),  test_Y:  (425, 5)
[20:43:54]     特征数: 2147
[20:43:54]   已保存: phase2_train_daletou.npz
[20:43:54]   已保存: phase2_test_daletou.npz
[20:43:54]   已保存: phase2_feature_names_daletou.json
[20:43:54]   已保存: phase2_summary_daletou.json
[20:43:54]   [Phase2 [daletou]] 完成，耗时 1.9s
[20:43:54] 
  G0 基线特征: 1909 维（已移除 A3/A4）
[20:43:54]   [提取 Transformer 特征] 开始...
[20:43:54]     Checkpoint 参数: d_model=256, n_layers=6, n_heads=4, feature_dim=31
[20:43:55]     提取训练集 Transformer 特征 (709 样本)...
[20:43:59]     提取测试集 Transformer 特征 (425 样本)...
[20:44:01]     Transformer 特征维度: 15
[20:44:01]     训练集概率均值: [0.4540697  0.10054369 0.44538873 0.45459098 0.04833521 0.49707073]
[20:44:01]     测试集概率均值: [0.45378518 0.10109141 0.44512495 0.4543064  0.04900575 0.4966855 ]
[20:44:01]   [提取 Transformer 特征] 完成，耗时 6.6s
[20:44:01]   G1 融合特征: 1924 维（G0 + Transformer 15 维）
[20:44:01] 
──────────────────────────────────────────────────
[20:44:01]   G0: 基线 (A1+A2+局面)
[20:44:01] ──────────────────────────────────────────────────
[20:44:01] 
  --- XGBoost ---
[20:44:01] 
  ── 实验 3B: 梯度提升树 ──
[20:44:01]     使用 XGBoost
[20:44:01]     训练 P0...
[20:44:02]       best_iter=106, val_acc=0.7305
[20:44:02]     训练 P1...
[20:44:02]       best_iter=133, val_acc=0.8936
[20:44:02]     训练 P2...
[20:44:03]       best_iter=109, val_acc=0.8865
[20:44:03]     训练 P3...
[20:44:03]       best_iter=115, val_acc=0.7943
[20:44:03]     训练 P4...
[20:44:03]       best_iter=121, val_acc=0.8652
[20:44:03]     方向准确率: 0.8391
[20:44:03]     缩减率: 0.2499
[20:44:03]     存活率: 0.9313
[20:44:03]     综合效率: 0.2328
[20:44:03]   已保存: phase3_exp3b_daletou.json
[20:44:03] 
  --- MLP ---
[20:44:03] 
  ── 实验 3C: MLP ──
[20:44:03]     设备: mps
[20:44:03]     训练 P0...
[20:44:05]       epochs=60, val_loss=0.5235, val_acc=0.8227
[20:44:05]     训练 P1...
[20:44:06]       epochs=61, val_loss=0.2921, val_acc=0.9078
[20:44:06]     训练 P2...
[20:44:07]       epochs=58, val_loss=0.3836, val_acc=0.8652
[20:44:07]     训练 P3...
[20:44:08]       epochs=66, val_loss=0.3144, val_acc=0.9007
[20:44:08]     训练 P4...
[20:44:09]       epochs=62, val_loss=0.3524, val_acc=0.8652
[20:44:09]     方向准确率: 0.8767
[20:44:09]     缩减率: 0.3557
[20:44:09]     存活率: 0.9412
[20:44:09]     综合效率: 0.3348
[20:44:09]   已保存: phase3_exp3c_daletou.json
[20:44:09] 
──────────────────────────────────────────────────
[20:44:09]   G1: G0 + Transformer 概率特征
[20:44:09] ──────────────────────────────────────────────────
[20:44:09] 
  --- XGBoost ---
[20:44:09] 
  ── 实验 3B: 梯度提升树 ──
[20:44:09]     使用 XGBoost
[20:44:09]     训练 P0...
[20:44:10]       best_iter=88, val_acc=0.7589
[20:44:10]     训练 P1...
[20:44:10]       best_iter=113, val_acc=0.8936
[20:44:10]     训练 P2...
[20:44:11]       best_iter=126, val_acc=0.8865
[20:44:11]     训练 P3...
[20:44:11]       best_iter=110, val_acc=0.7801
[20:44:11]     训练 P4...
[20:44:12]       best_iter=101, val_acc=0.8652
[20:44:12]     方向准确率: 0.8367
[20:44:12]     缩减率: 0.2444
[20:44:12]     存活率: 0.9327
[20:44:12]     综合效率: 0.2280
[20:44:12]   已保存: phase3_exp3b_daletou.json
[20:44:12] 
  --- MLP ---
[20:44:12] 
  ── 实验 3C: MLP ──
[20:44:12]     设备: mps
[20:44:12]     训练 P0...
[20:44:13]       epochs=62, val_loss=0.5190, val_acc=0.8156
[20:44:13]     训练 P1...
[20:44:14]       epochs=60, val_loss=0.2978, val_acc=0.9078
[20:44:14]     训练 P2...
[20:44:14]       epochs=61, val_loss=0.3848, val_acc=0.8652
[20:44:14]     训练 P3...
[20:44:15]       epochs=62, val_loss=0.2953, val_acc=0.8936
[20:44:15]     训练 P4...
[20:44:16]       epochs=63, val_loss=0.3322, val_acc=0.8652
[20:44:16]     方向准确率: 0.8828
[20:44:16]     缩减率: 0.3635
[20:44:16]     存活率: 0.9426
[20:44:16]     综合效率: 0.3427
[20:44:16]   已保存: phase3_exp3c_daletou.json
[20:44:16] 
════════════════════════════════════════════════════════════
[20:44:16]   增量分析: daletou
[20:44:16] ════════════════════════════════════════════════════════════
[20:44:16] 
  xgboost:
[20:44:16]     G0 准确率: 0.8391, 效率: 0.2328
[20:44:16]     G1 准确率: 0.8367, 效率: 0.2280
[20:44:16]     增量: 准确率 -0.0024, 效率 -0.0048
[20:44:16] 
  mlp:
[20:44:16]     G0 准确率: 0.8767, 效率: 0.3348
[20:44:16]     G1 准确率: 0.8828, 效率: 0.3427
[20:44:16]     增量: 准确率 +0.0061, 效率 +0.0079
[20:44:16] 
  结论: Transformer 融合 有用 (增量 +0.0061)
[20:44:16]   注意: Transformer模型用全量数据训练，存在数据泄露风险，结果仅供参考
[20:44:16]   已保存: e0_step4_fusion_daletou.json
[20:44:16] 
════════════════════════════════════════════════════════════
[20:44:16]   E0-Step4 Transformer 融合: shuangseqiu
[20:44:16] ════════════════════════════════════════════════════════════
[20:44:16]   [Phase1 [shuangseqiu]] 开始...
[20:44:16] 
────────────────────────────────────────
[20:44:16] 阶段一：规则压缩 [shuangseqiu]
[20:44:16] ────────────────────────────────────────
[20:44:16]   [加载A2规则] 开始...
[20:44:16]   A2规则数: 10000 (JSON中保存的top规则)
[20:44:16]   A2总规则数: 9273907
[20:44:16]   [加载A2规则] 完成，耗时 0.0s
[20:44:16]   [A2规则聚类] 开始...
[20:44:16]   编码 10000 条规则...
[20:44:17]   搜索最优簇数，候选: (100, 200, 500, 800, 1000)
[20:44:17]     k=100: silhouette=0.0835
[20:44:18]     k=200: silhouette=0.0996
[20:44:19]     k=500: silhouette=0.1106
[20:44:22]     k=800: silhouette=0.1237
[20:44:24]     k=1000: silhouette=0.1279
[20:44:24]   最优簇数: 1000, silhouette=0.1279
[20:44:24]   [A2规则聚类] 完成，耗时 7.9s
[20:44:24]   [A1模式筛选] 开始...
[20:44:24]   A1总模式数: 22153
[20:44:24]   A1 confidence >= 0.4: 15841/22153
[20:44:24]   A1 分组筛选后: 1382 条模式
[20:44:24]   [A1模式筛选] 完成，耗时 0.1s
[20:44:24]   已保存: phase1_clusters_shuangseqiu.json
[20:44:24] 
  阶段一汇总:
[20:44:24]     A2: 10000 条 → 1000 个簇 (silhouette=0.1279)
[20:44:24]     A1: 22153 条 → 1382 条
[20:44:24]   [Phase1 [shuangseqiu]] 完成，耗时 8.0s
[20:44:24]   [Phase2 [shuangseqiu]] 开始...
[20:44:24] 
────────────────────────────────────────
[20:44:24] 阶段二：历史回放 [shuangseqiu]
[20:44:24] ────────────────────────────────────────
[20:44:24]   [加载数据] 开始...
[20:44:24]   总期数: 3413, 红球位置数: 6
[20:44:24]   [加载数据] 完成，耗时 0.0s
[20:44:24]   [预计算差分和统计量] 开始...
[20:44:25]   [预计算差分和统计量] 完成，耗时 0.0s
[20:44:25]   时间切分: 规则期[0:2047], 训练期[2047:2901], 测试期[2901:3413]
[20:44:25]   训练样本: 854 期, 测试样本: 512 期
[20:44:25]   [拟合归一化器] 开始...
[20:44:25]   [拟合归一化器] 完成，耗时 0.0s
[20:44:25]   [加载 A3/A4 规则] 开始...
[20:44:25]   A3 规则: 600 条, A4 规则: 1237 条
[20:44:25]   [加载 A3/A4 规则] 完成，耗时 0.0s
[20:44:25]   [A3 预计算离散化] 开始...
[20:44:25]   A3 分组: 12 组, 特征维度: 120
[20:44:25]   [A3 预计算离散化] 完成，耗时 0.0s
[20:44:25]   [A4 预计算离散化] 开始...
[20:44:25]   A4 分组: 21 组, 特征维度: 135
[20:44:25]   [A4 预计算离散化] 完成，耗时 0.0s
[20:44:25]   [构造训练集特征] 开始...
[20:44:25]     训练集进度: 100/854
[20:44:25]     训练集进度: 200/854
[20:44:25]     训练集进度: 300/854
[20:44:25]     训练集进度: 400/854
[20:44:26]     训练集进度: 500/854
[20:44:26]     训练集进度: 600/854
[20:44:26]     训练集进度: 700/854
[20:44:26]     训练集进度: 800/854
[20:44:26]   [构造训练集特征] 完成，耗时 1.7s
[20:44:26]   [构造测试集特征] 开始...
[20:44:26]     测试集进度: 100/512
[20:44:27]     测试集进度: 200/512
[20:44:27]     测试集进度: 300/512
[20:44:27]     测试集进度: 400/512
[20:44:27]     测试集进度: 500/512
[20:44:27]   [构造测试集特征] 完成，耗时 1.0s
[20:44:27]   [转换为numpy数组] 开始...
[20:44:27]   [转换为numpy数组] 完成，耗时 0.2s
[20:44:27] 
  数据集形状:
[20:44:27]     train_X: (854, 2755), train_Y: (854, 6)
[20:44:27]     test_X:  (512, 2755),  test_Y:  (512, 6)
[20:44:27]     特征数: 2755
[20:44:27]   已保存: phase2_train_shuangseqiu.npz
[20:44:27]   已保存: phase2_test_shuangseqiu.npz
[20:44:27]   已保存: phase2_feature_names_shuangseqiu.json
[20:44:28]   已保存: phase2_summary_shuangseqiu.json
[20:44:28]   [Phase2 [shuangseqiu]] 完成，耗时 3.1s
[20:44:28] 
  G0 基线特征: 2494 维（已移除 A3/A4）
[20:44:28]   [提取 Transformer 特征] 开始...
[20:44:28]     Checkpoint 参数: d_model=256, n_layers=6, n_heads=4, feature_dim=36
[20:44:28]     提取训练集 Transformer 特征 (854 样本)...
[20:44:32]     提取测试集 Transformer 特征 (512 样本)...
[20:44:35]     Transformer 特征维度: 18
[20:44:35]     训练集概率均值: [0.4435426  0.11515979 0.44129387 0.49356854 0.04960099 0.4568255 ]
[20:44:35]     测试集概率均值: [0.44332743 0.11558665 0.4410875  0.4932606  0.05015501 0.45658806]
[20:44:35]   [提取 Transformer 特征] 完成，耗时 7.5s
[20:44:35]   G1 融合特征: 2512 维（G0 + Transformer 18 维）
[20:44:35] 
──────────────────────────────────────────────────
[20:44:35]   G0: 基线 (A1+A2+局面)
[20:44:35] ──────────────────────────────────────────────────
[20:44:35] 
  --- XGBoost ---
[20:44:35] 
  ── 实验 3B: 梯度提升树 ──
[20:44:35]     使用 XGBoost
[20:44:35]     训练 P0...
[20:44:36]       best_iter=91, val_acc=0.7588
[20:44:36]     训练 P1...
[20:44:36]       best_iter=68, val_acc=0.7824
[20:44:36]     训练 P2...
[20:44:37]       best_iter=119, val_acc=0.8294
[20:44:37]     训练 P3...
[20:44:37]       best_iter=115, val_acc=0.7824
[20:44:37]     训练 P4...
[20:44:38]       best_iter=89, val_acc=0.8059
[20:44:38]     训练 P5...
[20:44:38]       best_iter=112, val_acc=0.7412
[20:44:38]     方向准确率: 0.7874
[20:44:38]     缩减率: 0.2105
[20:44:38]     存活率: 0.9320
[20:44:38]     综合效率: 0.1962
[20:44:38]   已保存: phase3_exp3b_shuangseqiu.json
[20:44:38] 
  --- MLP ---
[20:44:38] 
  ── 实验 3C: MLP ──
[20:44:38]     设备: mps
[20:44:38]     训练 P0...
[20:44:40]       epochs=56, val_loss=0.5215, val_acc=0.7882
[20:44:40]     训练 P1...
[20:44:41]       epochs=57, val_loss=0.4475, val_acc=0.8412
[20:44:41]     训练 P2...
[20:44:42]       epochs=59, val_loss=0.3353, val_acc=0.8706
[20:44:42]     训练 P3...
[20:44:43]       epochs=62, val_loss=0.2821, val_acc=0.8882
[20:44:43]     训练 P4...
[20:44:44]       epochs=59, val_loss=0.5060, val_acc=0.8000
[20:44:44]     训练 P5...
[20:44:45]       epochs=60, val_loss=0.5220, val_acc=0.7882
[20:44:45]     方向准确率: 0.8649
[20:44:45]     缩减率: 0.3534
[20:44:45]     存活率: 0.9339
[20:44:45]     综合效率: 0.3301
[20:44:45]   已保存: phase3_exp3c_shuangseqiu.json
[20:44:45] 
──────────────────────────────────────────────────
[20:44:45]   G1: G0 + Transformer 概率特征
[20:44:45] ──────────────────────────────────────────────────
[20:44:45] 
  --- XGBoost ---
[20:44:45] 
  ── 实验 3B: 梯度提升树 ──
[20:44:45]     使用 XGBoost
[20:44:45]     训练 P0...
[20:44:46]       best_iter=91, val_acc=0.7471
[20:44:46]     训练 P1...
[20:44:46]       best_iter=90, val_acc=0.8000
[20:44:46]     训练 P2...
[20:44:47]       best_iter=112, val_acc=0.8000
[20:44:47]     训练 P3...
[20:44:47]       best_iter=134, val_acc=0.7882
[20:44:47]     训练 P4...
[20:44:48]       best_iter=78, val_acc=0.7765
[20:44:48]     训练 P5...
[20:44:48]       best_iter=95, val_acc=0.7412
[20:44:49]     方向准确率: 0.7848
[20:44:49]     缩减率: 0.2169
[20:44:49]     存活率: 0.9349
[20:44:49]     综合效率: 0.2028
[20:44:49]   已保存: phase3_exp3b_shuangseqiu.json
[20:44:49] 
  --- MLP ---
[20:44:49] 
  ── 实验 3C: MLP ──
[20:44:49]     设备: mps
[20:44:49]     训练 P0...
[20:44:50]       epochs=57, val_loss=0.5186, val_acc=0.8000
[20:44:50]     训练 P1...
[20:44:51]       epochs=57, val_loss=0.4339, val_acc=0.8412
[20:44:51]     训练 P2...
[20:44:52]       epochs=62, val_loss=0.3351, val_acc=0.8765
[20:44:52]     训练 P3...
[20:44:53]       epochs=61, val_loss=0.2714, val_acc=0.8882
[20:44:53]     训练 P4...
[20:44:54]       epochs=58, val_loss=0.5057, val_acc=0.8059
[20:44:54]     训练 P5...
[20:44:55]       epochs=61, val_loss=0.5003, val_acc=0.8059
[20:44:55]     方向准确率: 0.8678
[20:44:55]     缩减率: 0.3573
[20:44:55]     存活率: 0.9365
[20:44:55]     综合效率: 0.3347
[20:44:55]   已保存: phase3_exp3c_shuangseqiu.json
[20:44:55] 
════════════════════════════════════════════════════════════
[20:44:55]   增量分析: shuangseqiu
[20:44:55] ════════════════════════════════════════════════════════════
[20:44:55] 
  xgboost:
[20:44:55]     G0 准确率: 0.7874, 效率: 0.1962
[20:44:55]     G1 准确率: 0.7848, 效率: 0.2028
[20:44:55]     增量: 准确率 -0.0026, 效率 +0.0066
[20:44:55] 
  mlp:
[20:44:55]     G0 准确率: 0.8649, 效率: 0.3301
[20:44:55]     G1 准确率: 0.8678, 效率: 0.3347
[20:44:55]     增量: 准确率 +0.0029, 效率 +0.0046
[20:44:55] 
  结论: Transformer 融合 无用 (增量 +0.0029)
[20:44:55]   注意: Transformer模型用全量数据训练，存在数据泄露风险，结果仅供参考
[20:44:55]   已保存: e0_step4_fusion_shuangseqiu.json
[20:44:55] 
════════════════════════════════════════════════════════════
[20:44:55]   跨彩种汇总
[20:44:55] ════════════════════════════════════════════════════════════
[20:44:55] 
  daletou: Transformer 融合 有用 (增量 +0.0061)
[20:44:55] 
  shuangseqiu: Transformer 融合 无用 (增量 +0.0029)
[20:44:55]   已保存: e0_step4_summary.json
[20:44:55] 
════════════════════════════════════════════════════════════
[20:44:55]   E0-Step4 Transformer 融合实验完成！
[20:44:55]   结果目录: /Users/yuanye/Documents/深度搜索/ToBeRich/RichRichRich/src/research/results/e0_step4_transformer
[20:44:55] ════════════════════════════════════════════════════════════
