============================================================
  彩票研究系统
  彩种: shuangseqiu
  模块: all
  时间: 2026-02-07 20:26:12
============================================================
[数据] 加载 shuangseqiu: 3413 期, 红球 6/33, 蓝球 2/12

============================================================
  A1: 方向模式扫描
============================================================
[A1] 方向模式扫描: 共 854 个扫描任务
[并行] A1 方向模式扫描: 7 进程执行 854 个任务, chunk_size=30
[并行] A1 方向模式扫描: 完成, 耗时 3.0s, 速度 284 任务/秒
[A1] 完成: 40377 个显著模式, 耗时 3.0s
[A1] 结果已保存: /Users/yuanye/Documents/深度搜索/ToBeRich/RichRichRich/src/research/results/rules/a1_direction_patterns_shuangseqiu.json
[A1] 摘要: {
  "total": 40377,
  "by_position_count": {
    "1": {
      "count": 11014,
      "top_chi2": 27762653.64,
      "avg_confidence": 0.6992
    },
    "2": {
      "count": 13885,
      "top_chi2": 545487250171.17,
      "avg_confidence": 0.5476
    },
    "3": {
      "count": 10880,
      "top_chi2": 20167610151.18,
      "avg_confidence": 0.4647
    },
    "4": {
      "count": 3883,
      "top_chi2": 4899289570988.88,
      "avg_confidence": 0.4102
    },
    "5": {
      "count": 715,
     

============================================================
  A2: 条件排除规则挖掘
============================================================
[A2] 生成 133 个原子条件, 掩码矩阵 (133, 3413)
[A2] 目标条件: 18 个
[A2] 1条件组合: 133 个
[A2] 2条件组合: 8,778 个
[A2] 3条件组合: 383,306 个
[A2] 4条件组合: 12,457,445 个
[A2] 5条件组合: 321,402,081 个
[A2] 总组合数: 334,251,743, 总评估次数: 6,016,531,374
[A2] 开始 1条件组合: 133 个, 分 3 批, 每批 50
[A2] 1条件: 25% (33/133), 发现 82 条规则, 速度 43 组合/秒, 耗时 0.8s
[A2] 1条件: 62% (83/133), 发现 180 条规则, 速度 108 组合/秒, 耗时 0.8s
[A2] 1条件: 100% (133/133), 发现 327 条规则, 速度 173 组合/秒, 耗时 0.8s
[A2] 1条件组合完成: 发现 327 条规则, 累计 327 条, 耗时 0.8s
[A2] 开始 2条件组合: 8,778 个, 分 44 批, 每批 200
[A2] 2条件: 5% (400/8,778), 发现 640 条规则, 速度 470 组合/秒, 耗时 0.9s
[A2] 2条件: 9% (800/8,778), 发现 1317 条规则, 速度 936 组合/秒, 耗时 0.9s
[A2] 2条件: 14% (1,200/8,778), 发现 1796 条规则, 速度 1,402 组合/秒, 耗时 0.9s
[A2] 2条件: 18% (1,600/8,778), 发现 2182 条规则, 速度 1,844 组合/秒, 耗时 0.9s
[A2] 2条件: 23% (2,000/8,778), 发现 2585 条规则, 速度 2,260 组合/秒, 耗时 0.9s
[A2] 2条件: 27% (2,400/8,778), 发现 2866 条规则, 速度 2,681 组合/秒, 耗时 0.9s
[A2] 2条件: 32% (2,800/8,778), 发现 3608 条规则, 速度 3,098 组合/秒, 耗时 0.9s
[A2] 2条件: 36% (3,200/8,778), 发现 4544 条规则, 速度 3,504 组合/秒, 耗时 0.9s
[A2] 2条件: 41% (3,600/8,778), 发现 4820 条规则, 速度 3,906 组合/秒, 耗时 0.9s
[A2] 2条件: 46% (4,000/8,778), 发现 5861 条规则, 速度 4,210 组合/秒, 耗时 1.0s
[A2] 2条件: 50% (4,400/8,778), 发现 6069 条规则, 速度 4,618 组合/秒, 耗时 1.0s
[A2] 2条件: 55% (4,800/8,778), 发现 6955 条规则, 速度 4,965 组合/秒, 耗时 1.0s
[A2] 2条件: 59% (5,200/8,778), 发现 7437 条规则, 速度 5,336 组合/秒, 耗时 1.0s
[A2] 2条件: 64% (5,600/8,778), 发现 7813 条规则, 速度 5,535 组合/秒, 耗时 1.0s
[A2] 2条件: 68% (6,000/8,778), 发现 8746 条规则, 速度 5,902 组合/秒, 耗时 1.0s
[A2] 2条件: 73% (6,400/8,778), 发现 9654 条规则, 速度 6,257 组合/秒, 耗时 1.0s
[A2] 2条件: 77% (6,800/8,778), 发现 10568 条规则, 速度 6,536 组合/秒, 耗时 1.0s
[A2] 2条件: 82% (7,200/8,778), 发现 11499 条规则, 速度 6,743 组合/秒, 耗时 1.1s
[A2] 2条件: 87% (7,600/8,778), 发现 12801 条规则, 速度 7,084 组合/秒, 耗时 1.1s
[A2] 2条件: 91% (8,000/8,778), 发现 13996 条规则, 速度 7,352 组合/秒, 耗时 1.1s
[A2] 2条件: 96% (8,400/8,778), 发现 15270 条规则, 速度 7,550 组合/秒, 耗时 1.1s
[A2] 2条件: 100% (8,778/8,778), 发现 16279 条规则, 速度 7,864 组合/秒, 耗时 1.1s
[A2] 2条件组合完成: 发现 16279 条规则, 累计 16606 条, 耗时 1.1s
[A2] 开始 3条件组合: 383,306 个, 分 384 批, 每批 1000
[A2] 3条件: 5% (19,000/383,306), 发现 13091 条规则, 速度 13,292 组合/秒, 耗时 1.4s
[A2] 3条件: 10% (38,000/383,306), 发现 17824 条规则, 速度 18,882 组合/秒, 耗时 2.0s
[A2] 3条件: 15% (57,000/383,306), 发现 22777 条规则, 速度 21,811 组合/秒, 耗时 2.6s
[A2] 3条件: 20% (76,000/383,306), 发现 36684 条规则, 速度 24,473 组合/秒, 耗时 3.1s
[A2] 3条件: 25% (95,000/383,306), 发现 45925 条规则, 速度 25,844 组合/秒, 耗时 3.7s
[A2] 3条件: 30% (114,000/383,306), 发现 49485 条规则, 速度 26,709 组合/秒, 耗时 4.3s
[A2] 3条件: 35% (133,000/383,306), 发现 56649 条规则, 速度 27,178 组合/秒, 耗时 4.9s
[A2] 3条件: 40% (152,000/383,306), 发现 72905 条规则, 速度 28,060 组合/秒, 耗时 5.4s
[A2] 3条件: 45% (171,000/383,306), 发现 77425 条规则, 速度 27,965 组合/秒, 耗时 6.1s
[A2] 3条件: 50% (190,000/383,306), 发现 81691 条规则, 速度 28,366 组合/秒, 耗时 6.7s
[A2] 3条件: 55% (209,000/383,306), 发现 99727 条规则, 速度 28,803 组合/秒, 耗时 7.3s
[A2] 3条件: 59% (228,000/383,306), 发现 104551 条规则, 速度 28,910 组合/秒, 耗时 7.9s
[A2] 3条件: 64% (247,000/383,306), 发现 116023 条规则, 速度 29,175 组合/秒, 耗时 8.5s
[A2] 3条件: 69% (266,000/383,306), 发现 129959 条规则, 速度 28,935 组合/秒, 耗时 9.2s
[A2] 3条件: 74% (285,000/383,306), 发现 141565 条规则, 速度 28,769 组合/秒, 耗时 9.9s
[A2] 3条件: 79% (304,000/383,306), 发现 153511 条规则, 速度 28,596 组合/秒, 耗时 10.6s
[A2] 3条件: 84% (323,000/383,306), 发现 181399 条规则, 速度 28,202 组合/秒, 耗时 11.5s
[A2] 3条件: 89% (342,000/383,306), 发现 207763 条规则, 速度 27,402 组合/秒, 耗时 12.5s
[A2] 3条件: 94% (361,000/383,306), 发现 246650 条规则, 速度 26,721 组合/秒, 耗时 13.5s
[A2] 3条件: 99% (379,306/383,306), 发现 288958 条规则, 速度 26,539 组合/秒, 耗时 14.3s
[A2] 3条件: 100% (383,306/383,306), 发现 294751 条规则, 速度 26,023 组合/秒, 耗时 14.7s
[A2] 3条件组合完成: 发现 294751 条规则, 累计 311357 条, 耗时 14.8s
[A2] 开始 4条件组合: 12,457,445 个, 分 2492 批, 每批 5000
[A2] 4条件: 5% (620,000/12,457,445), 发现 121218 条规则, 速度 76,822 组合/秒, 耗时 8.1s
[A2] 4条件: 10% (1,240,000/12,457,445), 发现 177116 条规则, 速度 72,834 组合/秒, 耗时 17.0s
[A2] 4条件: 15% (1,860,000/12,457,445), 发现 193136 条规则, 速度 65,813 组合/秒, 耗时 28.3s
[A2] 4条件: 20% (2,480,000/12,457,445), 发现 244000 条规则, 速度 58,081 组合/秒, 耗时 42.7s
[A2] 4条件: 25% (3,100,000/12,457,445), 发现 375109 条规则, 速度 56,698 组合/秒, 耗时 54.7s
[A2] 4条件: 30% (3,720,000/12,457,445), 发现 436713 条规则, 速度 57,646 组合/秒, 耗时 64.5s
[A2] 4条件: 35% (4,340,000/12,457,445), 发现 485204 条规则, 速度 55,635 组合/秒, 耗时 78.0s
[A2] 4条件: 40% (4,960,000/12,457,445), 发现 499774 条规则, 速度 54,625 组合/秒, 耗时 90.8s
[A2] 4条件: 45% (5,580,000/12,457,445), 发现 622961 条规则, 速度 54,431 组合/秒, 耗时 102.5s
[A2] 4条件: 50% (6,200,000/12,457,445), 发现 739004 条规则, 速度 55,750 组合/秒, 耗时 111.2s
[A2] 4条件: 55% (6,820,000/12,457,445), 发现 764294 条规则, 速度 55,748 组合/秒, 耗时 122.3s
[A2] 4条件: 60% (7,440,000/12,457,445), 发现 794241 条规则, 速度 55,292 组合/秒, 耗时 134.6s
[A2] 4条件: 65% (8,060,000/12,457,445), 发现 992872 条规则, 速度 55,279 组合/秒, 耗时 145.8s
[A2] 4条件: 70% (8,680,000/12,457,445), 发现 1026841 条规则, 速度 54,690 组合/秒, 耗时 158.7s
[A2] 4条件: 75% (9,300,000/12,457,445), 发现 1139192 条规则, 速度 54,130 组合/秒, 耗时 171.8s
[A2] 4条件: 80% (9,920,000/12,457,445), 发现 1266783 条规则, 速度 52,981 组合/秒, 耗时 187.2s
[A2] 4条件: 85% (10,540,000/12,457,445), 发现 1436505 条规则, 速度 51,512 组合/秒, 耗时 204.6s
[A2] 4条件: 90% (11,160,000/12,457,445), 发现 1635494 条规则, 速度 48,588 组合/秒, 耗时 229.7s
[A2] 4条件: 95% (11,780,000/12,457,445), 发现 2091562 条规则, 速度 45,235 组合/秒, 耗时 260.4s
[A2] 4条件: 100% (12,400,000/12,457,445), 发现 2768474 条规则, 速度 42,023 组合/秒, 耗时 295.1s
[A2] 4条件: 100% (12,457,445/12,457,445), 发现 2797819 条规则, 速度 41,851 组合/秒, 耗时 297.7s
[A2] 4条件组合完成: 发现 2797819 条规则, 累计 3109176 条, 耗时 297.7s
[A2] 开始 5条件组合: 321,402,081 个, 分 32141 批, 每批 10000
[A2] 5条件: 5% (16,070,000/321,402,081), 发现 745609 条规则, 速度 144,452 组合/秒, 耗时 111.2s
[A2] 5条件: 10% (32,140,000/321,402,081), 发现 1049904 条规则, 速度 152,205 组合/秒, 耗时 211.2s
[A2] 5条件: 15% (48,210,000/321,402,081), 发现 1181017 条规则, 速度 151,709 组合/秒, 耗时 317.8s
[A2] 5条件: 20% (64,280,000/321,402,081), 发现 1220646 条规则, 速度 161,370 组合/秒, 耗时 398.3s
[A2] 5条件: 25% (80,350,000/321,402,081), 发现 1528059 条规则, 速度 159,321 组合/秒, 耗时 504.3s
[A2] 5条件: 30% (96,420,000/321,402,081), 发现 2445942 条规则, 速度 160,665 组合/秒, 耗时 600.1s
[A2] 5条件: 35% (112,490,000/321,402,081), 发现 2608222 条规则, 速度 170,507 组合/秒, 耗时 659.7s
[A2] 5条件: 40% (128,560,000/321,402,081), 发现 2920425 条规则, 速度 166,668 组合/秒, 耗时 771.4s
[A2] 5条件: 45% (144,630,000/321,402,081), 发现 2967134 条规则, 速度 173,365 组合/秒, 耗时 834.3s
[A2] 5条件: 50% (160,700,000/321,402,081), 发现 3176903 条规则, 速度 155,847 组合/秒, 耗时 1031.1s
[A2] 5条件: 55% (176,770,000/321,402,081), 发现 4371697 条规则, 速度 148,314 组合/秒, 耗时 1191.9s
[A2] 5条件: 60% (192,840,000/321,402,081), 发现 4648936 条规则, 速度 138,423 组合/秒, 耗时 1393.1s
[A2] 5条件: 65% (208,910,000/321,402,081), 发现 4728711 条规则, 速度 136,138 组合/秒, 耗时 1534.5s
[A2] 5条件: 70% (224,980,000/321,402,081), 发现 5551488 条规则, 速度 130,744 组合/秒, 耗时 1720.8s
[A2] 5条件: 75% (241,050,000/321,402,081), 发现 6258296 条规则, 速度 127,732 组合/秒, 耗时 1887.2s
[A2] 5条件: 80% (257,120,000/321,402,081), 发现 6455459 条规则, 速度 117,847 组合/秒, 耗时 2181.8s
[A2] 5条件: 85% (273,190,000/321,402,081), 发现 7759386 条规则, 速度 114,456 组合/秒, 耗时 2386.9s
[A2] 5条件: 90% (289,260,000/321,402,081), 发现 8552280 条规则, 速度 108,428 组合/秒, 耗时 2667.8s
[A2] 5条件: 95% (305,330,000/321,402,081), 发现 10853164 条规则, 速度 94,033 组合/秒, 耗时 3247.0s
[A2] 5条件: 100% (321,392,081/321,402,081), 发现 16641561 条规则, 速度 86,170 组合/秒, 耗时 3729.8s
[A2] 5条件: 100% (321,402,081/321,402,081), 发现 16642460 条规则, 速度 86,172 组合/秒, 耗时 3729.8s
[A2] 5条件组合完成: 发现 16642460 条规则, 累计 19751636 条, 耗时 3731.4s
[A2] 完成: 扫描 334,251,743 个组合, 显著规则 19,751,636, 耗时 4059.4s
[A2] 结果已保存: /Users/yuanye/Documents/深度搜索/ToBeRich/RichRichRich/src/research/results/rules/a2_exclusion_rules_shuangseqiu.json
[A2] 摘要: {
  "total": 19751636,
  "by_target": {
    "next_P0_D": {
      "count": 1805859,
      "top_lift": 2.2558,
      "avg_confidence": 0.8268
    },
    "next_P0_E": {
      "count": 234852,
      "top_lift": 7.5643,
      "avg_confidence": 0.3395
    },
    "next_P0_U": {
      "count": 834583,
      "top_lift": 2.241,
      "avg_confidence": 0.7574
    },
    "next_P1_D": {
      "count": 1569124,
      "top_lift": 2.0376,
      "avg_confidence": 0.8396
    },
    "next_P1_E": {
      "count": 2

============================================================
  A3: 差分空间分析
============================================================
[A3] 开始差分分析: 6 个位置, 最大 5 阶
[A3] 差分分布+ACF+游程检验完成, 耗时 0.0s
[A3] 计算跨位置差分相关性...
[A3] 跨位置分析完成, 耗时 0.0s
[A3] 差分模式扫描...
[A3] 完成: 共发现 9632 个差分模式, 耗时 1.2s
[A3] 结果已保存: /Users/yuanye/Documents/深度搜索/ToBeRich/RichRichRich/src/research/results/rules/a3_diff_analysis_shuangseqiu.json
[A3] 摘要: {
  "non_random_series": [
    "P0_order_1",
    "P0_order_2",
    "P0_order_3",
    "P0_order_4",
    "P0_order_5",
    "P1_order_1",
    "P1_order_2",
    "P1_order_3",
    "P1_order_4",
    "P1_order_5",
    "P2_order_1",
    "P2_order_2",
    "P2_order_3",
    "P2_order_4",
    "P2_order_5",
    "P3_order_1",
    "P3_order_2",
    "P3_order_3",
    "P3_order_4",
    "P3_order_5",
    "P4_order_1",
    "P4_order_2",
    "P4_order_3",
    "P4_order_4",
    "P4_order_5",
    "P5_order_1",
    "

============================================================
  A4: 滑动窗口统计量扫描
============================================================
[A4] 滑动窗口分析: 6 个统计量, 窗口 (3, 100)
[A4] 分析统计量: sum (长度 3413)
[A4] 分析统计量: span (长度 3413)
[A4] 分析统计量: odd_count (长度 3413)
[A4] 分析统计量: big_count (长度 3413)
[A4] 分析统计量: ac_value (长度 3413)
[A4] 分析统计量: consec_groups (长度 3413)
[A4] 基础分析完成, 耗时 0.8s
[A4] 计算统计量间滞后相关...
[A4] 滞后相关完成, 耗时 0.8s
[A4] 统计量模式扫描...
[A4] 联合统计量模式扫描...
[A4] 完成: 共发现 11064 个统计量模式, 耗时 1.7s
[A4] 结果已保存: /Users/yuanye/Documents/深度搜索/ToBeRich/RichRichRich/src/research/results/rules/a4_sliding_stats_shuangseqiu.json
[A4] 摘要: {
  "total_changepoints": 0,
  "strong_periods": [],
  "total_stat_patterns": 11064
}

============================================================
  B1: Transformer 序列预测
============================================================
[设备] 使用 Apple MPS 加速
[B1] 训练集: 2338 样本, 验证集: 1023 样本, 特征维度: 36
[B1] 模型参数量: 4,948,242
[B1] Epoch 1/5000: train_loss=0.9187, val_loss=0.8964, val_acc=0.4648, best=0.4648@1, 耗时 5.6s
[B1] Epoch 50/5000: train_loss=0.8986, val_loss=0.8871, val_acc=0.4699, best=0.4720@30, 耗时 288.2s
[B1] Epoch 100/5000: train_loss=0.8983, val_loss=0.8875, val_acc=0.4659, best=0.4720@30, 耗时 576.3s
[B1] Epoch 150/5000: train_loss=0.8980, val_loss=0.8881, val_acc=0.4682, best=0.4720@30, 耗时 866.1s
[B1] Epoch 200/5000: train_loss=0.8979, val_loss=0.8872, val_acc=0.4707, best=0.4720@30, 耗时 1156.7s
[B1] Epoch 250/5000: train_loss=0.8976, val_loss=0.8878, val_acc=0.4674, best=0.4720@30, 耗时 1445.9s
[B1] Epoch 300/5000: train_loss=0.8972, val_loss=0.8877, val_acc=0.4686, best=0.4720@30, 耗时 1734.4s
[B1] 早停: 300 轮无改善, 最佳 epoch=30
[B1] 训练完成: 最佳验证准确率 0.4720, 各位置: [0.4497, 0.4927, 0.4751, 0.4839, 0.477, 0.4536], 耗时 1906.7s
[B1] 结果已保存: /Users/yuanye/Documents/深度搜索/ToBeRich/RichRichRich/src/research/results/rules/b1_transformer_results_shuangseqiu.json
[B1] 摘要: {
  "total_epochs": 330,
  "best_epoch": 30,
  "best_val_acc": 0.472,
  "final_val_acc": 0.472,
  "final_val_loss": 0.8889,
  "per_position_accuracy": {
    "P0": 0.4497,
    "P1": 0.4927,
    "P2": 0.4751,
    "P3": 0.4839,
    "P4": 0.477,
    "P5": 0.4536
  },
  "total_params": 4948242,
  "attention_analysis": {
    "layer_0": {
      "top_attended_steps": [
        {
          "step": 19,
          "weight": 0.0287
        },
        {
          "step": 18,
          "weight": 0.0278
       

============================================================
  C1: 回测验证
============================================================
[C1] 回测: 训练期 0-2389, 测试期 2389-3413
[C1] 回测 600 条单位置规则
[C1] 回测完成: 准确率 0.6215 (随机基线 0.3333), 覆盖率 0.1575, 预测 967 次, 耗时 1.5s
[C1] 结果已保存: /Users/yuanye/Documents/深度搜索/ToBeRich/RichRichRich/src/research/results/reports/c1_backtest_results_shuangseqiu.json
[C1] 摘要: {
  "test_range": [
    2389,
    3413
  ],
  "n_rules_tested": 600,
  "total_predictions": 967,
  "hits": 601,
  "misses": 366,
  "no_match": 5171,
  "accuracy": 0.6215,
  "coverage": 0.1575,
  "per_position": {
    "P0": {
      "predictions": 350,
      "hits": 206,
      "accuracy": 0.5886
    },
    "P1": {
      "predictions": 90,
      "hits": 72,
      "accuracy": 0.8
    },
    "P2": {
      "predictions": 37,
      "hits": 23,
      "accuracy": 0.6216
    },
    "P3": {
      "predicti

============================================================
  C2: 稳定性检验 + 规则排名
============================================================
[C2] 稳定性检验: 200 条规则, 10 折
[C2] 进度: 50/200, 耗时 0.1s
[C2] 进度: 100/200, 耗时 0.1s
[C2] 进度: 150/200, 耗时 0.1s
[C2] 进度: 200/200, 耗时 0.1s
[C2] 完成: 200/200 条规则稳定 (一致性>0.5), 200 条高分规则, 耗时 0.1s
[C2] 结果已保存: /Users/yuanye/Documents/深度搜索/ToBeRich/RichRichRich/src/research/results/reports/c2_stability_results_shuangseqiu.json
[C2] 摘要: {
  "n_rules_checked": 200,
  "n_stable": 200,
  "n_high_score": 200,
  "k_folds": 10,
  "top20_rules": [
    {
      "pattern": "(UUUU)(DDDD)(UUUU)(UUUU)(DDDD)(UUUU)(DDDD)(UUUU)",
      "positions": [
        1,
        2,
        3,
        4
      ],
      "window": 8,
      "original_chi2": 4899289570988.88,
      "original_confidence": 0.3333,
      "fold_accuracies": [
        1.0,
        1.0,
        1.0,
        1.0,
        1.0,
        1.0,
        1.0,
        1.0,
        1.0,
     

[报告] 研究报告已保存: /Users/yuanye/Documents/深度搜索/ToBeRich/RichRichRich/src/research/results/reports/research_report_shuangseqiu_20260207_222323.json

============================================================
  全部完成! 总耗时 7031.0s
============================================================
