============================================================
  彩票研究系统
  彩种: daletou
  模块: all
  时间: 2026-02-07 20:25:38
============================================================
[数据] 加载 daletou: 2833 期, 红球 5/35, 蓝球 2/12

============================================================
  A1: 方向模式扫描
============================================================
[A1] 方向模式扫描: 共 496 个扫描任务
[并行] A1 方向模式扫描: 7 进程执行 496 个任务, chunk_size=17
[并行] A1 方向模式扫描: 完成, 耗时 0.8s, 速度 653 任务/秒
[A1] 完成: 21248 个显著模式, 耗时 0.8s
[A1] 结果已保存: /Users/yuanye/Documents/深度搜索/ToBeRich/RichRichRich/src/research/results/rules/a1_direction_patterns_daletou.json
[A1] 摘要: {
  "total": 21248,
  "by_position_count": {
    "1": {
      "count": 7845,
      "top_chi2": 11159688.03,
      "avg_confidence": 0.7043
    },
    "2": {
      "count": 7788,
      "top_chi2": 100116809.48,
      "avg_confidence": 0.5518
    },
    "3": {
      "count": 4485,
      "top_chi2": 1600167337.5,
      "avg_confidence": 0.4628
    },
    "4": {
      "count": 1049,
      "top_chi2": 2498491997.09,
      "avg_confidence": 0.41
    },
    "5": {
      "count": 81,
      "top_chi2": 7

============================================================
  A2: 条件排除规则挖掘
============================================================
[A2] 生成 113 个原子条件, 掩码矩阵 (113, 2833)
[A2] 目标条件: 15 个
[A2] 1条件组合: 113 个
[A2] 2条件组合: 6,328 个
[A2] 3条件组合: 234,136 个
[A2] 4条件组合: 6,438,740 个
[A2] 5条件组合: 140,364,532 个
[A2] 总组合数: 147,043,849, 总评估次数: 2,205,657,735
[A2] 开始 1条件组合: 113 个, 分 3 批, 每批 50
[A2] 1条件: 12% (13/113), 发现 16 条规则, 速度 31 组合/秒, 耗时 0.4s
[A2] 1条件: 56% (63/113), 发现 114 条规则, 速度 148 组合/秒, 耗时 0.4s
[A2] 1条件: 100% (113/113), 发现 216 条规则, 速度 265 组合/秒, 耗时 0.4s
[A2] 1条件组合完成: 发现 216 条规则, 累计 216 条, 耗时 0.4s
[A2] 开始 2条件组合: 6,328 个, 分 32 批, 每批 200
[A2] 2条件: 3% (200/6,328), 发现 124 条规则, 速度 461 组合/秒, 耗时 0.4s
[A2] 2条件: 6% (400/6,328), 发现 170 条规则, 速度 918 组合/秒, 耗时 0.4s
[A2] 2条件: 9% (600/6,328), 发现 282 条规则, 速度 1,368 组合/秒, 耗时 0.4s
[A2] 2条件: 13% (800/6,328), 发现 622 条规则, 速度 1,822 组合/秒, 耗时 0.4s
[A2] 2条件: 16% (1,000/6,328), 发现 945 条规则, 速度 2,275 组合/秒, 耗时 0.4s
[A2] 2条件: 19% (1,200/6,328), 发现 1258 条规则, 速度 2,727 组合/秒, 耗时 0.4s
[A2] 2条件: 22% (1,400/6,328), 发现 1444 条规则, 速度 3,153 组合/秒, 耗时 0.4s
[A2] 2条件: 25% (1,600/6,328), 发现 1489 条规则, 速度 3,545 组合/秒, 耗时 0.5s
[A2] 2条件: 28% (1,800/6,328), 发现 1899 条规则, 速度 3,958 组合/秒, 耗时 0.5s
[A2] 2条件: 32% (2,000/6,328), 发现 1913 条规则, 速度 4,372 组合/秒, 耗时 0.5s
[A2] 2条件: 35% (2,200/6,328), 发现 1984 条规则, 速度 4,779 组合/秒, 耗时 0.5s
[A2] 2条件: 38% (2,400/6,328), 发现 2087 条规则, 速度 5,198 组合/秒, 耗时 0.5s
[A2] 2条件: 41% (2,600/6,328), 发现 2422 条规则, 速度 5,554 组合/秒, 耗时 0.5s
[A2] 2条件: 44% (2,800/6,328), 发现 2804 条规则, 速度 5,938 组合/秒, 耗时 0.5s
[A2] 2条件: 47% (3,000/6,328), 发现 3262 条规则, 速度 6,339 组合/秒, 耗时 0.5s
[A2] 2条件: 51% (3,200/6,328), 发现 3384 条规则, 速度 6,712 组合/秒, 耗时 0.5s
[A2] 2条件: 54% (3,400/6,328), 发现 3670 条规则, 速度 7,065 组合/秒, 耗时 0.5s
[A2] 2条件: 57% (3,600/6,328), 发现 3718 条规则, 速度 7,472 组合/秒, 耗时 0.5s
[A2] 2条件: 60% (3,800/6,328), 发现 4093 条规则, 速度 7,863 组合/秒, 耗时 0.5s
[A2] 2条件: 63% (4,000/6,328), 发现 4173 条规则, 速度 8,265 组合/秒, 耗时 0.5s
[A2] 2条件: 66% (4,200/6,328), 发现 4483 条规则, 速度 8,575 组合/秒, 耗时 0.5s
[A2] 2条件: 70% (4,400/6,328), 发现 4838 条规则, 速度 8,806 组合/秒, 耗时 0.5s
[A2] 2条件: 73% (4,600/6,328), 发现 5167 条规则, 速度 9,182 组合/秒, 耗时 0.5s
[A2] 2条件: 76% (4,800/6,328), 发现 5509 条规则, 速度 9,548 组合/秒, 耗时 0.5s
[A2] 2条件: 79% (5,000/6,328), 发现 5809 条规则, 速度 9,856 组合/秒, 耗时 0.5s
[A2] 2条件: 82% (5,200/6,328), 发现 6205 条规则, 速度 10,183 组合/秒, 耗时 0.5s
[A2] 2条件: 85% (5,400/6,328), 发现 6606 条规则, 速度 10,498 组合/秒, 耗时 0.5s
[A2] 2条件: 87% (5,528/6,328), 发现 6870 条规则, 速度 10,634 组合/秒, 耗时 0.5s
[A2] 2条件: 91% (5,728/6,328), 发现 7283 条规则, 速度 11,009 组合/秒, 耗时 0.5s
[A2] 2条件: 94% (5,928/6,328), 发现 7806 条规则, 速度 11,380 组合/秒, 耗时 0.5s
[A2] 2条件: 97% (6,128/6,328), 发现 8263 条规则, 速度 11,763 组合/秒, 耗时 0.5s
[A2] 2条件: 100% (6,328/6,328), 发现 8921 条规则, 速度 12,104 组合/秒, 耗时 0.5s
[A2] 2条件组合完成: 发现 8921 条规则, 累计 9137 条, 耗时 0.5s
[A2] 开始 3条件组合: 234,136 个, 分 235 批, 每批 1000
[A2] 3条件: 5% (11,000/234,136), 发现 4680 条规则, 速度 20,485 组合/秒, 耗时 0.5s
[A2] 3条件: 9% (22,000/234,136), 发现 7127 条规则, 速度 34,424 组合/秒, 耗时 0.6s
[A2] 3条件: 14% (33,000/234,136), 发现 8216 条规则, 速度 44,850 组合/秒, 耗时 0.7s
[A2] 3条件: 19% (44,000/234,136), 发现 9620 条规则, 速度 51,223 组合/秒, 耗时 0.9s
[A2] 3条件: 23% (55,000/234,136), 发现 13767 条规则, 速度 59,444 组合/秒, 耗时 0.9s
[A2] 3条件: 28% (66,000/234,136), 发现 20823 条规则, 速度 65,077 组合/秒, 耗时 1.0s
[A2] 3条件: 33% (77,000/234,136), 发现 23115 条规则, 速度 67,772 组合/秒, 耗时 1.1s
[A2] 3条件: 38% (88,000/234,136), 发现 23889 条规则, 速度 70,080 组合/秒, 耗时 1.3s
[A2] 3条件: 42% (99,000/234,136), 发现 27117 条规则, 速度 72,655 组合/秒, 耗时 1.4s
[A2] 3条件: 47% (110,000/234,136), 发现 36666 条规则, 速度 74,325 组合/秒, 耗时 1.5s
[A2] 3条件: 52% (121,000/234,136), 发现 37900 条规则, 速度 76,773 组合/秒, 耗时 1.6s
[A2] 3条件: 56% (132,000/234,136), 发现 38739 条规则, 速度 77,494 组合/秒, 耗时 1.7s
[A2] 3条件: 61% (143,000/234,136), 发现 46987 条规则, 速度 78,792 组合/秒, 耗时 1.8s
[A2] 3条件: 66% (154,000/234,136), 发现 51162 条规则, 速度 79,603 组合/秒, 耗时 1.9s
[A2] 3条件: 70% (165,000/234,136), 发现 52937 条规则, 速度 79,669 组合/秒, 耗时 2.1s
[A2] 3条件: 75% (176,000/234,136), 发现 62276 条规则, 速度 79,764 组合/秒, 耗时 2.2s
[A2] 3条件: 80% (187,000/234,136), 发现 65375 条规则, 速度 79,462 组合/秒, 耗时 2.4s
[A2] 3条件: 85% (198,000/234,136), 发现 78140 条规则, 速度 77,482 组合/秒, 耗时 2.6s
[A2] 3条件: 89% (209,000/234,136), 发现 90169 条规则, 速度 77,083 组合/秒, 耗时 2.7s
[A2] 3条件: 94% (220,000/234,136), 发现 107209 条规则, 速度 74,455 组合/秒, 耗时 3.0s
[A2] 3条件: 98% (230,136/234,136), 发现 125115 条规则, 速度 74,107 组合/秒, 耗时 3.1s
[A2] 3条件: 100% (234,136/234,136), 发现 129884 条规则, 速度 74,119 组合/秒, 耗时 3.2s
[A2] 3条件组合完成: 发现 129884 条规则, 累计 139021 条, 耗时 3.2s
[A2] 开始 4条件组合: 6,438,740 个, 分 1288 批, 每批 5000
[A2] 4条件: 5% (320,000/6,438,740), 发现 37578 条规则, 速度 200,283 组合/秒, 耗时 1.6s
[A2] 4条件: 10% (640,000/6,438,740), 发现 56047 条规则, 速度 206,702 组合/秒, 耗时 3.1s
[A2] 4条件: 15% (960,000/6,438,740), 发现 62726 条规则, 速度 229,234 组合/秒, 耗时 4.2s
[A2] 4条件: 20% (1,280,000/6,438,740), 发现 66286 条规则, 速度 236,445 组合/秒, 耗时 5.4s
[A2] 4条件: 25% (1,600,000/6,438,740), 发现 75521 条规则, 速度 228,047 组合/秒, 耗时 7.0s
[A2] 4条件: 30% (1,920,000/6,438,740), 发现 128803 条规则, 速度 227,634 组合/秒, 耗时 8.4s
[A2] 4条件: 35% (2,240,000/6,438,740), 发现 164042 条规则, 速度 234,805 组合/秒, 耗时 9.5s
[A2] 4条件: 40% (2,560,000/6,438,740), 发现 182071 条规则, 速度 226,673 组合/秒, 耗时 11.3s
[A2] 4条件: 45% (2,880,000/6,438,740), 发现 187049 条规则, 速度 222,602 组合/秒, 耗时 12.9s
[A2] 4条件: 50% (3,200,000/6,438,740), 发现 195715 条规则, 速度 216,601 组合/秒, 耗时 14.8s
[A2] 4条件: 55% (3,520,000/6,438,740), 发现 262292 条规则, 速度 215,601 组合/秒, 耗时 16.3s
[A2] 4条件: 60% (3,840,000/6,438,740), 发现 300109 条规则, 速度 211,147 组合/秒, 耗时 18.2s
[A2] 4条件: 65% (4,160,000/6,438,740), 发现 303788 条规则, 速度 208,550 组合/秒, 耗时 19.9s
[A2] 4条件: 70% (4,480,000/6,438,740), 发现 337402 条规则, 速度 201,968 组合/秒, 耗时 22.2s
[A2] 4条件: 75% (4,800,000/6,438,740), 发现 403829 条规则, 速度 198,306 组合/秒, 耗时 24.2s
[A2] 4条件: 80% (5,120,000/6,438,740), 发现 412348 条规则, 速度 190,576 组合/秒, 耗时 26.9s
[A2] 4条件: 84% (5,440,000/6,438,740), 发现 496725 条规则, 速度 178,037 组合/秒, 耗时 30.6s
[A2] 4条件: 89% (5,760,000/6,438,740), 发现 567282 条规则, 速度 162,379 组合/秒, 耗时 35.5s
[A2] 4条件: 94% (6,080,000/6,438,740), 发现 738570 条规则, 速度 138,528 组合/秒, 耗时 43.9s
[A2] 4条件: 99% (6,400,000/6,438,740), 发现 989956 条规则, 速度 118,573 组合/秒, 耗时 54.0s
[A2] 4条件: 100% (6,438,740/6,438,740), 发现 1006055 条规则, 速度 117,694 组合/秒, 耗时 54.7s
[A2] 4条件组合完成: 发现 1006055 条规则, 累计 1145076 条, 耗时 54.7s
[A2] 开始 5条件组合: 140,364,532 个, 分 14037 批, 每批 10000
[A2] 5条件: 5% (7,010,000/140,364,532), 发现 192852 条规则, 速度 196,910 组合/秒, 耗时 35.6s
[A2] 5条件: 10% (14,020,000/140,364,532), 发现 247250 条规则, 速度 188,822 组合/秒, 耗时 74.2s
[A2] 5条件: 15% (21,030,000/140,364,532), 发现 292650 条规则, 速度 204,911 组合/秒, 耗时 102.6s
[A2] 5条件: 20% (28,040,000/140,364,532), 发现 307209 条规则, 速度 220,312 组合/秒, 耗时 127.3s
[A2] 5条件: 25% (35,050,000/140,364,532), 发现 322316 条规则, 速度 225,884 组合/秒, 耗时 155.2s
[A2] 5条件: 30% (42,060,000/140,364,532), 发现 357413 条规则, 速度 222,093 组合/秒, 耗时 189.4s
[A2] 5条件: 35% (49,070,000/140,364,532), 发现 675148 条规则, 速度 215,919 组合/秒, 耗时 227.3s
[A2] 5条件: 40% (56,080,000/140,364,532), 发现 817074 条规则, 速度 222,497 组合/秒, 耗时 252.0s
[A2] 5条件: 45% (63,090,000/140,364,532), 发现 897258 条规则, 速度 223,292 组合/秒, 耗时 282.5s
[A2] 5条件: 50% (70,100,000/140,364,532), 发现 930112 条规则, 速度 222,835 组合/秒, 耗时 314.6s
[A2] 5条件: 55% (77,110,000/140,364,532), 发现 951787 条规则, 速度 217,242 组合/秒, 耗时 354.9s
[A2] 5条件: 60% (84,120,000/140,364,532), 发现 1054842 条规则, 速度 213,607 组合/秒, 耗时 393.8s
[A2] 5条件: 65% (91,130,000/140,364,532), 发现 1513368 条规则, 速度 207,540 组合/秒, 耗时 439.1s
[A2] 5条件: 70% (98,140,000/140,364,532), 发现 1544912 条规则, 速度 206,607 组合/秒, 耗时 475.0s
[A2] 5条件: 75% (105,150,000/140,364,532), 发现 1577130 条规则, 速度 200,398 组合/秒, 耗时 524.7s
[A2] 5条件: 80% (112,160,000/140,364,532), 发现 2020675 条规则, 速度 195,059 组合/秒, 耗时 575.0s
[A2] 5条件: 85% (119,170,000/140,364,532), 发现 2097075 条规则, 速度 188,302 组合/秒, 耗时 632.9s
[A2] 5条件: 90% (126,180,000/140,364,532), 发现 2529817 条规则, 速度 179,276 组合/秒, 耗时 703.8s
[A2] 5条件: 95% (133,190,000/140,364,532), 发现 3173096 条规则, 速度 162,659 组合/秒, 耗时 818.8s
[A2] 5条件: 100% (140,200,000/140,364,532), 发现 4934212 条规则, 速度 138,487 组合/秒, 耗时 1012.4s
[A2] 5条件: 100% (140,364,532/140,364,532), 发现 4950515 条规则, 速度 138,334 组合/秒, 耗时 1014.7s
[A2] 5条件组合完成: 发现 4950515 条规则, 累计 6095591 条, 耗时 1015.6s
[A2] 完成: 扫描 147,043,849 个组合, 显著规则 6,095,591, 耗时 1079.1s
[A2] 结果已保存: /Users/yuanye/Documents/深度搜索/ToBeRich/RichRichRich/src/research/results/rules/a2_exclusion_rules_daletou.json
[A2] 摘要: {
  "total": 6095591,
  "by_target": {
    "next_P0_D": {
      "count": 705060,
      "top_lift": 2.1809,
      "avg_confidence": 0.8442
    },
    "next_P0_E": {
      "count": 100094,
      "top_lift": 8.9581,
      "avg_confidence": 0.3154
    },
    "next_P0_U": {
      "count": 286967,
      "top_lift": 2.2133,
      "avg_confidence": 0.7687
    },
    "next_P1_D": {
      "count": 645644,
      "top_lift": 2.08,
      "avg_confidence": 0.8349
    },
    "next_P1_E": {
      "count": 92255

============================================================
  A3: 差分空间分析
============================================================
[A3] 开始差分分析: 5 个位置, 最大 5 阶
[A3] 差分分布+ACF+游程检验完成, 耗时 0.1s
[A3] 计算跨位置差分相关性...
[A3] 跨位置分析完成, 耗时 0.1s
[A3] 差分模式扫描...
[A3] 完成: 共发现 6117 个差分模式, 耗时 2.2s
[A3] 结果已保存: /Users/yuanye/Documents/深度搜索/ToBeRich/RichRichRich/src/research/results/rules/a3_diff_analysis_daletou.json
[A3] 摘要: {
  "non_random_series": [
    "P0_order_1",
    "P0_order_2",
    "P0_order_3",
    "P0_order_4",
    "P0_order_5",
    "P1_order_1",
    "P1_order_2",
    "P1_order_3",
    "P1_order_4",
    "P1_order_5",
    "P2_order_1",
    "P2_order_2",
    "P2_order_3",
    "P2_order_4",
    "P2_order_5",
    "P3_order_1",
    "P3_order_2",
    "P3_order_3",
    "P3_order_4",
    "P3_order_5",
    "P4_order_1",
    "P4_order_2",
    "P4_order_3",
    "P4_order_4",
    "P4_order_5"
  ],
  "n_non_random": 2

============================================================
  A4: 滑动窗口统计量扫描
============================================================
[A4] 滑动窗口分析: 6 个统计量, 窗口 (3, 100)
[A4] 分析统计量: sum (长度 2833)
[A4] 分析统计量: span (长度 2833)
[A4] 分析统计量: odd_count (长度 2833)
[A4] 分析统计量: big_count (长度 2833)
[A4] 分析统计量: ac_value (长度 2833)
[A4] 分析统计量: consec_groups (长度 2833)
[A4] 基础分析完成, 耗时 1.7s
[A4] 计算统计量间滞后相关...
[A4] 滞后相关完成, 耗时 1.7s
[A4] 统计量模式扫描...
[A4] 联合统计量模式扫描...
[A4] 完成: 共发现 14634 个统计量模式, 耗时 3.5s
[A4] 结果已保存: /Users/yuanye/Documents/深度搜索/ToBeRich/RichRichRich/src/research/results/rules/a4_sliding_stats_daletou.json
[A4] 摘要: {
  "total_changepoints": 0,
  "strong_periods": [],
  "total_stat_patterns": 14634
}

============================================================
  B1: Transformer 序列预测
============================================================
[设备] 使用 Apple MPS 加速
[B1] 训练集: 1932 样本, 验证集: 849 样本, 特征维度: 31
[B1] 模型参数量: 4,913,679
[B1] Epoch 1/5000: train_loss=0.9056, val_loss=0.8840, val_acc=0.4693, best=0.4693@1, 耗时 12.3s
[B1] Epoch 50/5000: train_loss=0.8838, val_loss=0.8778, val_acc=0.4657, best=0.4740@18, 耗时 450.3s
[B1] Epoch 100/5000: train_loss=0.8835, val_loss=0.8779, val_acc=0.4671, best=0.4740@18, 耗时 861.5s
[B1] Epoch 150/5000: train_loss=0.8834, val_loss=0.8796, val_acc=0.4688, best=0.4740@18, 耗时 1300.6s
[B1] Epoch 200/5000: train_loss=0.8833, val_loss=0.8784, val_acc=0.4657, best=0.4740@18, 耗时 1702.1s
[B1] Epoch 250/5000: train_loss=0.8827, val_loss=0.8780, val_acc=0.4671, best=0.4740@18, 耗时 2099.7s
[B1] Epoch 300/5000: train_loss=0.8824, val_loss=0.8782, val_acc=0.4704, best=0.4740@18, 耗时 2501.4s
[B1] 早停: 300 轮无改善, 最佳 epoch=18
[B1] 训练完成: 最佳验证准确率 0.4740, 各位置: [0.4676, 0.4935, 0.4782, 0.4664, 0.4641], 耗时 2641.3s
[B1] 结果已保存: /Users/yuanye/Documents/深度搜索/ToBeRich/RichRichRich/src/research/results/rules/b1_transformer_results_daletou.json
[B1] 摘要: {
  "total_epochs": 318,
  "best_epoch": 18,
  "best_val_acc": 0.474,
  "final_val_acc": 0.474,
  "final_val_loss": 0.8771,
  "per_position_accuracy": {
    "P0": 0.4676,
    "P1": 0.4935,
    "P2": 0.4782,
    "P3": 0.4664,
    "P4": 0.4641
  },
  "total_params": 4913679,
  "attention_analysis": {
    "layer_0": {
      "top_attended_steps": [
        {
          "step": 1,
          "weight": 0.0375
        },
        {
          "step": 0,
          "weight": 0.0363
        },
        {
     

============================================================
  C1: 回测验证
============================================================
[C1] 回测: 训练期 0-1983, 测试期 1983-2833
[C1] 回测 500 条单位置规则
[C1] 回测完成: 准确率 0.6055 (随机基线 0.3333), 覆盖率 0.0938, 预测 398 次, 耗时 2.4s
[C1] 结果已保存: /Users/yuanye/Documents/深度搜索/ToBeRich/RichRichRich/src/research/results/reports/c1_backtest_results_daletou.json
[C1] 摘要: {
  "test_range": [
    1983,
    2833
  ],
  "n_rules_tested": 500,
  "total_predictions": 398,
  "hits": 241,
  "misses": 157,
  "no_match": 3847,
  "accuracy": 0.6055,
  "coverage": 0.0938,
  "per_position": {
    "P0": {
      "predictions": 132,
      "hits": 80,
      "accuracy": 0.6061
    },
    "P1": {
      "predictions": 76,
      "hits": 49,
      "accuracy": 0.6447
    },
    "P2": {
      "predictions": 35,
      "hits": 19,
      "accuracy": 0.5429
    },
    "P3": {
      "predic

============================================================
  C2: 稳定性检验 + 规则排名
============================================================
[C2] 稳定性检验: 200 条规则, 10 折
[C2] 进度: 50/200, 耗时 0.1s
[C2] 进度: 100/200, 耗时 0.1s
[C2] 进度: 150/200, 耗时 0.1s
[C2] 进度: 200/200, 耗时 0.1s
[C2] 完成: 197/200 条规则稳定 (一致性>0.5), 197 条高分规则, 耗时 0.1s
[C2] 结果已保存: /Users/yuanye/Documents/深度搜索/ToBeRich/RichRichRich/src/research/results/reports/c2_stability_results_daletou.json
[C2] 摘要: {
  "n_rules_checked": 200,
  "n_stable": 197,
  "n_high_score": 197,
  "k_folds": 10,
  "top20_rules": [
    {
      "pattern": "(DDDDD)(UUUUU)(DDDDD)(UUUUU)(DDDDD)",
      "positions": [
        0,
        1,
        2,
        3,
        4
      ],
      "window": 5,
      "original_chi2": 7492824622.5,
      "original_confidence": 0.2,
      "fold_accuracies": [
        1.0,
        1.0,
        1.0,
        1.0,
        1.0,
        1.0,
        1.0,
        1.0,
        1.0,
        1.0
  

[报告] 研究报告已保存: /Users/yuanye/Documents/深度搜索/ToBeRich/RichRichRich/src/research/results/reports/research_report_daletou_20260207_212940.json

============================================================
  全部完成! 总耗时 3841.5s
============================================================
