[20:08:00] ============================================================
[20:08:00]   严格时间切分验证实验
[20:08:00]   用前60%数据重新挖掘规则，消除数据泄露
[20:08:00] ============================================================
[20:08:00] 
══════════════════════════════════════════════════
[20:08:00]   严格验证: daletou
[20:08:00] ══════════════════════════════════════════════════
[20:08:00]   [生成切片数据] 开始...
[20:08:00]   切片数据: 2833 → 1699 期 (60%)
[20:08:00]   保存到: /Users/yuanye/Documents/深度搜索/ToBeRich/RichRichRich/data/daletou_history_60pct.json
[20:08:00]   [生成切片数据] 完成，耗时 0.0s
[20:08:00]   [规则挖掘 (daletou)] 开始...
[20:08:00]   开始A1方向模式扫描...
[20:08:02]   A1保存: 11866 个模式 → a1_direction_patterns_daletou.json
[20:08:02]   开始A2条件排除规则挖掘...
[20:13:36]   A2保存: 3145919 条规则 → a2_exclusion_rules_daletou.json
[20:13:38]   [规则挖掘 (daletou)] 完成，耗时 337.5s
[20:13:38]   [阶段一 [daletou]] 开始...
[20:13:38] 
────────────────────────────────────────
[20:13:38] 阶段一：规则压缩 [daletou]
[20:13:38] ────────────────────────────────────────
[20:13:38]   [加载A2规则] 开始...
[20:13:38]   A2规则数: 10000 (JSON中保存的top规则)
[20:13:38]   A2总规则数: 3145919
[20:13:38]   [加载A2规则] 完成，耗时 0.0s
[20:13:38]   [A2规则聚类] 开始...
[20:13:38]   编码 10000 条规则...
[20:13:38]   搜索最优簇数，候选: (100, 200, 500, 800, 1000)
[20:13:38]     k=100: silhouette=0.0782
[20:13:39]     k=200: silhouette=0.0873
[20:13:40]     k=500: silhouette=0.1023
[20:13:43]     k=800: silhouette=0.1102
[20:13:46]     k=1000: silhouette=0.1103
[20:13:46]   最优簇数: 1000, silhouette=0.1103
[20:13:46]   [A2规则聚类] 完成，耗时 7.8s
[20:13:46]   [A1模式筛选] 开始...
[20:13:46]   A1总模式数: 11866
[20:13:46]   A1 confidence >= 0.4: 9298/11866
[20:13:46]   A1 分组筛选后: 812 条模式
[20:13:46]   [A1模式筛选] 完成，耗时 0.0s
[20:13:46]   已保存: phase1_clusters_daletou.json
[20:13:46] 
  阶段一汇总:
[20:13:46]     A2: 10000 条 → 1000 个簇 (silhouette=0.1103)
[20:13:46]     A1: 11866 条 → 812 条
[20:13:46]   [阶段一 [daletou]] 完成，耗时 7.9s
[20:13:46]   [阶段二 [daletou]] 开始...
[20:13:46] 
────────────────────────────────────────
[20:13:46] 阶段二：历史回放 [daletou]
[20:13:46] ────────────────────────────────────────
[20:13:46]   [加载数据] 开始...
[20:13:46]   总期数: 2833, 红球位置数: 5
[20:13:46]   [加载数据] 完成，耗时 0.0s
[20:13:46]   [预计算差分和统计量] 开始...
[20:13:46]   [预计算差分和统计量] 完成，耗时 0.0s
[20:13:46]   时间切分: 规则期[0:1699], 训练期[1699:2408], 测试期[2408:2833]
[20:13:46]   训练样本: 709 期, 测试样本: 425 期
[20:13:46]   [拟合归一化器] 开始...
[20:13:46]   [拟合归一化器] 完成，耗时 0.0s
[20:13:46]   [加载 A3/A4 规则] 开始...
[20:13:46]   A3 规则: 500 条, A4 规则: 1227 条
[20:13:46]   [加载 A3/A4 规则] 完成，耗时 0.0s
[20:13:46]   [A3 预计算离散化] 开始...
[20:13:46]   A3 分组: 10 组, 特征维度: 100
[20:13:46]   [A3 预计算离散化] 完成，耗时 0.0s
[20:13:46]   [A4 预计算离散化] 开始...
[20:13:46]   A4 分组: 21 组, 特征维度: 132
[20:13:46]   [A4 预计算离散化] 完成，耗时 0.0s
[20:13:46]   [构造训练集特征] 开始...
[20:13:46]     训练集进度: 100/709
[20:13:46]     训练集进度: 200/709
[20:13:46]     训练集进度: 300/709
[20:13:46]     训练集进度: 400/709
[20:13:46]     训练集进度: 500/709
[20:13:47]     训练集进度: 600/709
[20:13:47]     训练集进度: 700/709
[20:13:47]   [构造训练集特征] 完成，耗时 1.1s
[20:13:47]   [构造测试集特征] 开始...
[20:13:47]     测试集进度: 100/425
[20:13:47]     测试集进度: 200/425
[20:13:47]     测试集进度: 300/425
[20:13:47]     测试集进度: 400/425
[20:13:47]   [构造测试集特征] 完成，耗时 0.7s
[20:13:47]   [转换为numpy数组] 开始...
[20:13:48]   [转换为numpy数组] 完成，耗时 0.1s
[20:13:48] 
  数据集形状:
[20:13:48]     train_X: (709, 2147), train_Y: (709, 5)
[20:13:48]     test_X:  (425, 2147),  test_Y:  (425, 5)
[20:13:48]     特征数: 2147
[20:13:48]   已保存: phase2_train_daletou.npz
[20:13:48]   已保存: phase2_test_daletou.npz
[20:13:48]   已保存: phase2_feature_names_daletou.json
[20:13:48]   已保存: phase2_summary_daletou.json
[20:13:48]   [阶段二 [daletou]] 完成，耗时 2.0s
[20:13:48]   [阶段三 [daletou]] 开始...
[20:13:48] 
────────────────────────────────────────
[20:13:48] 阶段三：适配模型训练 [daletou]
[20:13:48] ────────────────────────────────────────
[20:13:48]   [实验 3A] 开始...
[20:13:48] 
  ── 实验 3A: 统计基线 ──
[20:13:48]     规则特征数: A2=1000, A1=812, 总=1812
[20:13:48]     有效规则-位置对: 3655
[20:13:48]     方向准确率: 0.8066
[20:13:48]     缩减率: 0.0935
[20:13:48]     存活率: 0.9572
[20:13:48]     综合效率: 0.0895
[20:13:48]   已保存: phase3_exp3a_daletou.json
[20:13:48]   [实验 3A] 完成，耗时 0.3s
[20:13:48]   [实验 3B] 开始...
[20:13:48] 
  ── 实验 3B: 梯度提升树 ──
[20:13:48]     XGBoost 不可用，使用 sklearn GradientBoosting
[20:13:48]     训练 P0...
[20:13:50]       best_iter=197, val_acc=0.7730
[20:13:50]     训练 P1...
[20:13:51]       best_iter=103, val_acc=0.8794
[20:13:51]     训练 P2...
[20:13:53]       best_iter=115, val_acc=0.8936
[20:13:53]     训练 P3...
[20:13:54]       best_iter=134, val_acc=0.8440
[20:13:54]     训练 P4...
[20:13:55]       best_iter=94, val_acc=0.8369
[20:13:55]     方向准确率: 0.8438
[20:13:55]     缩减率: 0.2687
[20:13:55]     存活率: 0.9266
[20:13:55]     综合效率: 0.2489
[20:13:55]   已保存: phase3_exp3b_daletou.json
[20:13:55]   [实验 3B] 完成，耗时 7.2s
[20:13:55] 
  启动 3C（原因: 3B 效率=0.2489 < 0.25）
[20:13:55]   [实验 3C] 开始...
[20:13:55] 
  ── 实验 3C: MLP ──
[20:13:56]     设备: mps
[20:13:56]     训练 P0...
[20:13:58]       epochs=66, val_loss=0.5322, val_acc=0.7730
[20:13:58]     训练 P1...
[20:13:59]       epochs=65, val_loss=0.3684, val_acc=0.8865
[20:13:59]     训练 P2...
[20:14:00]       epochs=66, val_loss=0.4051, val_acc=0.8652
[20:14:00]     训练 P3...
[20:14:01]       epochs=79, val_loss=0.3373, val_acc=0.8865
[20:14:01]     训练 P4...
[20:14:02]       epochs=69, val_loss=0.3750, val_acc=0.8582
[20:14:02]     方向准确率: 0.8706
[20:14:02]     缩减率: 0.3433
[20:14:02]     存活率: 0.9369
[20:14:02]     综合效率: 0.3216
[20:14:02]   已保存: phase3_exp3c_daletou.json
[20:14:02]   [实验 3C] 完成，耗时 7.2s
[20:14:02]   [阶段三 [daletou]] 完成，耗时 14.7s
[20:14:02]   [阶段四 [daletou]] 开始...
[20:14:02] 
────────────────────────────────────────
[20:14:02] 阶段四：结果分析 [daletou]
[20:14:02] ────────────────────────────────────────
[20:14:02]   [方案对比] 开始...
[20:14:02]   已保存: phase4_comparison_daletou.json
[20:14:02]     最优方案: 3C_mlp, 效率=0.3216
[20:14:02]   [方案对比] 完成，耗时 0.0s
[20:14:02]   [特征分析] 开始...
[20:14:02]   已保存: phase4_feature_analysis_daletou.json
[20:14:02]     特征贡献: 规则=30.0%, 局面=53.3%, 元信息=16.7%
[20:14:02]   [特征分析] 完成，耗时 0.0s
[20:14:02]   [失败分析] 开始...
[20:14:02]   已保存: phase4_failure_analysis_daletou.json
[20:14:02]     所有位置存活率均 >= 85%，无明显失败模式
[20:14:02]   [失败分析] 完成，耗时 0.0s
[20:14:02]   [生成最终报告] 开始...
[20:14:02]   已保存: phase4_final_report_daletou.json
[20:14:02] 
  ═══ 结论 ═══
[20:14:02]   SUCCESS: 综合效率 0.3216 >= 0.25，规则适配方案可行
[20:14:02]   最优方案: 3C_mlp
[20:14:02]   方向准确率: 0.8706
[20:14:02]   缩减率: 0.3433
[20:14:02]   存活率: 0.9369
[20:14:02]   综合效率: 0.3216
[20:14:02] 
  ═══ 建议 ═══
[20:14:02]   1. 当前规则用全量数据挖掘，存在数据泄露风险。如果实验结果有价值，建议用时间切分后的数据重新挖掘规则做严格验证
[20:14:02]   2. v2 Step 3 建议采用 3C_mlp 方案，方向预测准确率 0.8706，可在此基础上叠加约束传播进一步缩号
[20:14:02]   [生成最终报告] 完成，耗时 0.0s
[20:14:02]   [阶段四 [daletou]] 完成，耗时 0.0s
[20:14:02]   已保存: strict_vs_original_comparison_daletou.json
[20:14:02] 
  ═══ daletou 对比结果 ═══
[20:14:02]   efficiency 下降: 0.0000
[20:14:02]   accuracy 下降:   0.0000
[20:14:02]   reduction 下降:  0.0000
[20:14:02]   survival 下降:   0.0000
[20:14:02]   结论: 数据泄露影响较小（efficiency下降<0.05），原始结果基本可信
[20:14:02] 
══════════════════════════════════════════════════
[20:14:02]   严格验证: shuangseqiu
[20:14:02] ══════════════════════════════════════════════════
[20:14:02]   [生成切片数据] 开始...
[20:14:02]   切片数据: 3413 → 2047 期 (60%)
[20:14:02]   保存到: /Users/yuanye/Documents/深度搜索/ToBeRich/RichRichRich/data/shuangseqiu_history_60pct.json
[20:14:02]   [生成切片数据] 完成，耗时 0.0s
[20:14:02]   [规则挖掘 (shuangseqiu)] 开始...
[20:14:02]   开始A1方向模式扫描...
[20:14:05]   A1保存: 22153 个模式 → a1_direction_patterns_shuangseqiu.json
[20:14:05]   开始A2条件排除规则挖掘...
[20:33:48]   A2保存: 9273907 条规则 → a2_exclusion_rules_shuangseqiu.json
[20:34:13]   [规则挖掘 (shuangseqiu)] 完成，耗时 1210.2s
[20:34:13]   [阶段一 [shuangseqiu]] 开始...
[20:34:13] 
────────────────────────────────────────
[20:34:13] 阶段一：规则压缩 [shuangseqiu]
[20:34:13] ────────────────────────────────────────
[20:34:13]   [加载A2规则] 开始...
[20:34:13]   A2规则数: 10000 (JSON中保存的top规则)
[20:34:13]   A2总规则数: 9273907
[20:34:13]   [加载A2规则] 完成，耗时 0.0s
[20:34:13]   [A2规则聚类] 开始...
[20:34:13]   编码 10000 条规则...
[20:34:13]   搜索最优簇数，候选: (100, 200, 500, 800, 1000)
[20:34:13]     k=100: silhouette=0.0835
[20:34:14]     k=200: silhouette=0.0996
[20:34:16]     k=500: silhouette=0.1106
[20:34:19]     k=800: silhouette=0.1237
[20:34:22]     k=1000: silhouette=0.1279
[20:34:22]   最优簇数: 1000, silhouette=0.1279
[20:34:22]   [A2规则聚类] 完成，耗时 9.5s
[20:34:22]   [A1模式筛选] 开始...
[20:34:22]   A1总模式数: 22153
[20:34:22]   A1 confidence >= 0.4: 15841/22153
[20:34:22]   A1 分组筛选后: 1382 条模式
[20:34:22]   [A1模式筛选] 完成，耗时 0.1s
[20:34:22]   已保存: phase1_clusters_shuangseqiu.json
[20:34:22] 
  阶段一汇总:
[20:34:22]     A2: 10000 条 → 1000 个簇 (silhouette=0.1279)
[20:34:22]     A1: 22153 条 → 1382 条
[20:34:22]   [阶段一 [shuangseqiu]] 完成，耗时 9.7s
[20:34:22]   [阶段二 [shuangseqiu]] 开始...
[20:34:22] 
────────────────────────────────────────
[20:34:22] 阶段二：历史回放 [shuangseqiu]
[20:34:22] ────────────────────────────────────────
[20:34:22]   [加载数据] 开始...
[20:34:22]   总期数: 3413, 红球位置数: 6
[20:34:22]   [加载数据] 完成，耗时 0.0s
[20:34:22]   [预计算差分和统计量] 开始...
[20:34:22]   [预计算差分和统计量] 完成，耗时 0.0s
[20:34:22]   时间切分: 规则期[0:2047], 训练期[2047:2901], 测试期[2901:3413]
[20:34:22]   训练样本: 854 期, 测试样本: 512 期
[20:34:22]   [拟合归一化器] 开始...
[20:34:22]   [拟合归一化器] 完成，耗时 0.0s
[20:34:22]   [加载 A3/A4 规则] 开始...
[20:34:22]   A3 规则: 600 条, A4 规则: 1237 条
[20:34:22]   [加载 A3/A4 规则] 完成，耗时 0.0s
[20:34:22]   [A3 预计算离散化] 开始...
[20:34:22]   A3 分组: 12 组, 特征维度: 120
[20:34:22]   [A3 预计算离散化] 完成，耗时 0.0s
[20:34:22]   [A4 预计算离散化] 开始...
[20:34:22]   A4 分组: 21 组, 特征维度: 135
[20:34:22]   [A4 预计算离散化] 完成，耗时 0.0s
[20:34:22]   [构造训练集特征] 开始...
[20:34:23]     训练集进度: 100/854
[20:34:23]     训练集进度: 200/854
[20:34:23]     训练集进度: 300/854
[20:34:23]     训练集进度: 400/854
[20:34:23]     训练集进度: 500/854
[20:34:24]     训练集进度: 600/854
[20:34:24]     训练集进度: 700/854
[20:34:24]     训练集进度: 800/854
[20:34:24]   [构造训练集特征] 完成，耗时 1.8s
[20:34:24]   [构造测试集特征] 开始...
[20:34:24]     测试集进度: 100/512
[20:34:25]     测试集进度: 200/512
[20:34:25]     测试集进度: 300/512
[20:34:25]     测试集进度: 400/512
[20:34:25]     测试集进度: 500/512
[20:34:25]   [构造测试集特征] 完成，耗时 1.0s
[20:34:25]   [转换为numpy数组] 开始...
[20:34:25]   [转换为numpy数组] 完成，耗时 0.2s
[20:34:25] 
  数据集形状:
[20:34:25]     train_X: (854, 2755), train_Y: (854, 6)
[20:34:25]     test_X:  (512, 2755),  test_Y:  (512, 6)
[20:34:25]     特征数: 2755
[20:34:25]   已保存: phase2_train_shuangseqiu.npz
[20:34:25]   已保存: phase2_test_shuangseqiu.npz
[20:34:25]   已保存: phase2_feature_names_shuangseqiu.json
[20:34:25]   已保存: phase2_summary_shuangseqiu.json
[20:34:25]   [阶段二 [shuangseqiu]] 完成，耗时 3.1s
[20:34:25]   [阶段三 [shuangseqiu]] 开始...
[20:34:25] 
────────────────────────────────────────
[20:34:25] 阶段三：适配模型训练 [shuangseqiu]
[20:34:25] ────────────────────────────────────────
[20:34:25]   [实验 3A] 开始...
[20:34:25] 
  ── 实验 3A: 统计基线 ──
[20:34:25]     规则特征数: A2=1000, A1=1382, 总=2382
[20:34:25]     有效规则-位置对: 4572
[20:34:26]     方向准确率: 0.7939
[20:34:26]     缩减率: 0.1034
[20:34:26]     存活率: 0.9622
[20:34:26]     综合效率: 0.0995
[20:34:26]   已保存: phase3_exp3a_shuangseqiu.json
[20:34:26]   [实验 3A] 完成，耗时 0.6s
[20:34:26]   [实验 3B] 开始...
[20:34:26] 
  ── 实验 3B: 梯度提升树 ──
[20:34:26]     使用 XGBoost
[20:34:26]     训练 P0...
[20:34:27]       best_iter=106, val_acc=0.7412
[20:34:27]     训练 P1...
[20:34:27]       best_iter=100, val_acc=0.8118
[20:34:27]     训练 P2...
[20:34:28]       best_iter=112, val_acc=0.8235
[20:34:28]     训练 P3...
[20:34:29]       best_iter=140, val_acc=0.7765
[20:34:29]     训练 P4...
[20:34:29]       best_iter=126, val_acc=0.7882
[20:34:29]     训练 P5...
[20:34:30]       best_iter=108, val_acc=0.7294
[20:34:30]     方向准确率: 0.7887
[20:34:30]     缩减率: 0.2165
[20:34:30]     存活率: 0.9303
[20:34:30]     综合效率: 0.2015
[20:34:30]   已保存: phase3_exp3b_shuangseqiu.json
[20:34:30]   [实验 3B] 完成，耗时 4.0s
[20:34:30] 
  启动 3C（原因: 3B 效率=0.2015 < 0.25）
[20:34:30]   [实验 3C] 开始...
[20:34:30] 
  ── 实验 3C: MLP ──
[20:34:30]     设备: mps
[20:34:30]     训练 P0...
[20:34:31]       epochs=59, val_loss=0.5237, val_acc=0.8118
[20:34:31]     训练 P1...
[20:34:32]       epochs=63, val_loss=0.4355, val_acc=0.8471
[20:34:32]     训练 P2...
[20:34:34]       epochs=70, val_loss=0.3793, val_acc=0.8882
[20:34:34]     训练 P3...
[20:34:35]       epochs=78, val_loss=0.2885, val_acc=0.8882
[20:34:35]     训练 P4...
[20:34:36]       epochs=66, val_loss=0.5480, val_acc=0.8059
[20:34:36]     训练 P5...
[20:34:38]       epochs=70, val_loss=0.5396, val_acc=0.7941
[20:34:38]     方向准确率: 0.8421
[20:34:38]     缩减率: 0.3224
[20:34:38]     存活率: 0.9339
[20:34:38]     综合效率: 0.3011
[20:34:38]   已保存: phase3_exp3c_shuangseqiu.json
[20:34:38]   [实验 3C] 完成，耗时 7.4s
[20:34:38]   [阶段三 [shuangseqiu]] 完成，耗时 12.0s
[20:34:38]   [阶段四 [shuangseqiu]] 开始...
[20:34:38] 
────────────────────────────────────────
[20:34:38] 阶段四：结果分析 [shuangseqiu]
[20:34:38] ────────────────────────────────────────
[20:34:38]   [方案对比] 开始...
[20:34:38]   已保存: phase4_comparison_shuangseqiu.json
[20:34:38]     最优方案: 3C_mlp, 效率=0.3011
[20:34:38]   [方案对比] 完成，耗时 0.0s
[20:34:38]   [特征分析] 开始...
[20:34:38]   已保存: phase4_feature_analysis_shuangseqiu.json
[20:34:38]     特征贡献: 规则=67.2%, 局面=29.8%, 元信息=1.2%
[20:34:38]   [特征分析] 完成，耗时 0.0s
[20:34:38]   [失败分析] 开始...
[20:34:38]   已保存: phase4_failure_analysis_shuangseqiu.json
[20:34:38]     所有位置存活率均 >= 85%，无明显失败模式
[20:34:38]   [失败分析] 完成，耗时 0.0s
[20:34:38]   [生成最终报告] 开始...
[20:34:38]   已保存: phase4_final_report_shuangseqiu.json
[20:34:38] 
  ═══ 结论 ═══
[20:34:38]   SUCCESS: 综合效率 0.3011 >= 0.25，规则适配方案可行
[20:34:38]   最优方案: 3C_mlp
[20:34:38]   方向准确率: 0.8421
[20:34:38]   缩减率: 0.3224
[20:34:38]   存活率: 0.9339
[20:34:38]   综合效率: 0.3011
[20:34:38] 
  ═══ 建议 ═══
[20:34:38]   1. 当前规则用全量数据挖掘，存在数据泄露风险。如果实验结果有价值，建议用时间切分后的数据重新挖掘规则做严格验证
[20:34:38]   2. v2 Step 3 建议采用 3C_mlp 方案，方向预测准确率 0.8421，可在此基础上叠加约束传播进一步缩号
[20:34:38]   [生成最终报告] 完成，耗时 0.0s
[20:34:38]   [阶段四 [shuangseqiu]] 完成，耗时 0.0s
[20:34:38]   已保存: strict_vs_original_comparison_shuangseqiu.json
[20:34:38] 
  ═══ shuangseqiu 对比结果 ═══
[20:34:38]   efficiency 下降: 0.0000
[20:34:38]   accuracy 下降:   0.0000
[20:34:38]   reduction 下降:  0.0000
[20:34:38]   survival 下降:   0.0000
[20:34:38]   结论: 数据泄露影响较小（efficiency下降<0.05），原始结果基本可信
[20:34:38]   已保存: experiment_summary.json
[20:34:38] 
════════════════════════════════════════════════════════════
[20:34:38]   严格验证实验完成！总耗时: 26.6 分钟
[20:34:38]   结果目录: /Users/yuanye/Documents/深度搜索/ToBeRich/RichRichRich/src/research/results/experiment_strict
[20:34:38] ════════════════════════════════════════════════════════════
