[20:27:48] ============================================================
[20:27:48]   E0-Step3: A3/A4 增量贡献消融实验
[20:27:48] ============================================================
[20:27:48] 
════════════════════════════════════════════════════════════
[20:27:48]   E0-Step3 消融实验: daletou
[20:27:48] ════════════════════════════════════════════════════════════
[20:27:48]   [Phase1 [daletou]] 开始...
[20:27:48] 
────────────────────────────────────────
[20:27:48] 阶段一：规则压缩 [daletou]
[20:27:48] ────────────────────────────────────────
[20:27:48]   [加载A2规则] 开始...
[20:27:48]   A2规则数: 10000 (JSON中保存的top规则)
[20:27:48]   A2总规则数: 3145919
[20:27:48]   [加载A2规则] 完成，耗时 0.0s
[20:27:48]   [A2规则聚类] 开始...
[20:27:48]   编码 10000 条规则...
[20:27:48]   搜索最优簇数，候选: (100, 200, 500, 800, 1000)
[20:27:49]     k=100: silhouette=0.0782
[20:27:51]     k=200: silhouette=0.0873
[20:27:56]     k=500: silhouette=0.1023
[20:28:01]     k=800: silhouette=0.1102
[20:28:06]     k=1000: silhouette=0.1103
[20:28:06]   最优簇数: 1000, silhouette=0.1103
[20:28:06]   [A2规则聚类] 完成，耗时 18.7s
[20:28:06]   [A1模式筛选] 开始...
[20:28:06]   A1总模式数: 11866
[20:28:06]   A1 confidence >= 0.4: 9298/11866
[20:28:06]   A1 分组筛选后: 812 条模式
[20:28:06]   [A1模式筛选] 完成，耗时 0.1s
[20:28:06]   已保存: phase1_clusters_daletou.json
[20:28:06] 
  阶段一汇总:
[20:28:06]     A2: 10000 条 → 1000 个簇 (silhouette=0.1103)
[20:28:06]     A1: 11866 条 → 812 条
[20:28:06]   [Phase1 [daletou]] 完成，耗时 18.8s
[20:28:06]   [Phase2 [daletou]] 开始...
[20:28:06] 
────────────────────────────────────────
[20:28:06] 阶段二：历史回放 [daletou]
[20:28:06] ────────────────────────────────────────
[20:28:06]   [加载数据] 开始...
[20:28:06]   总期数: 2833, 红球位置数: 5
[20:28:06]   [加载数据] 完成，耗时 0.0s
[20:28:06]   [预计算差分和统计量] 开始...
[20:28:06]   [预计算差分和统计量] 完成，耗时 0.0s
[20:28:06]   时间切分: 规则期[0:1699], 训练期[1699:2408], 测试期[2408:2833]
[20:28:06]   训练样本: 709 期, 测试样本: 425 期
[20:28:06]   [拟合归一化器] 开始...
[20:28:06]   [拟合归一化器] 完成，耗时 0.0s
[20:28:06]   [加载 A3/A4 规则] 开始...
[20:28:06]   A3 规则: 500 条, A4 规则: 1227 条
[20:28:06]   [加载 A3/A4 规则] 完成，耗时 0.0s
[20:28:06]   [A3 预计算离散化] 开始...
[20:28:06]   A3 分组: 10 组, 特征维度: 100
[20:28:06]   [A3 预计算离散化] 完成，耗时 0.0s
[20:28:06]   [A4 预计算离散化] 开始...
[20:28:06]   A4 分组: 21 组, 特征维度: 132
[20:28:06]   [A4 预计算离散化] 完成，耗时 0.0s
[20:28:06]   [构造训练集特征] 开始...
[20:28:07]     训练集进度: 100/709
[20:28:07]     训练集进度: 200/709
[20:28:07]     训练集进度: 300/709
[20:28:07]     训练集进度: 400/709
[20:28:07]     训练集进度: 500/709
[20:28:07]     训练集进度: 600/709
[20:28:08]     训练集进度: 700/709
[20:28:08]   [构造训练集特征] 完成，耗时 1.3s
[20:28:08]   [构造测试集特征] 开始...
[20:28:08]     测试集进度: 100/425
[20:28:08]     测试集进度: 200/425
[20:28:08]     测试集进度: 300/425
[20:28:08]     测试集进度: 400/425
[20:28:08]   [构造测试集特征] 完成，耗时 0.8s
[20:28:08]   [转换为numpy数组] 开始...
[20:28:09]   [转换为numpy数组] 完成，耗时 0.2s
[20:28:09] 
  数据集形状:
[20:28:09]     train_X: (709, 2147), train_Y: (709, 5)
[20:28:09]     test_X:  (425, 2147),  test_Y:  (425, 5)
[20:28:09]     特征数: 2147
[20:28:09]   已保存: phase2_train_daletou.npz
[20:28:09]   已保存: phase2_test_daletou.npz
[20:28:09]   已保存: phase2_feature_names_daletou.json
[20:28:09]   已保存: phase2_summary_daletou.json
[20:28:09]   [Phase2 [daletou]] 完成，耗时 2.3s
[20:28:09] 
  全量特征: 2147 维
[20:28:09]   A3 特征: 100 维, A4 特征: 132 维
[20:28:09] 
──────────────────────────────────────────────────
[20:28:09]   G0: 基线 (A1+A2+局面)
[20:28:09] ──────────────────────────────────────────────────
[20:28:09]   特征维度: 1909
[20:28:09] 
  --- XGBoost ---
[20:28:09] 
  ── 实验 3B: 梯度提升树 ──
[20:28:09]     XGBoost 不可用，使用 sklearn GradientBoosting
[20:28:09]     训练 P0...
[20:28:12]       best_iter=191, val_acc=0.7518
[20:28:12]     训练 P1...
[20:28:15]       best_iter=112, val_acc=0.8865
[20:28:15]     训练 P2...
[20:28:18]       best_iter=114, val_acc=0.8865
[20:28:18]     训练 P3...
[20:28:21]       best_iter=125, val_acc=0.8298
[20:28:21]     训练 P4...
[20:28:24]       best_iter=108, val_acc=0.8511
[20:28:24]     方向准确率: 0.8424
[20:28:24]     缩减率: 0.2772
[20:28:24]     存活率: 0.9233
[20:28:24]     综合效率: 0.2559
[20:28:24]   已保存: phase3_exp3b_daletou.json
[20:28:24] 
  --- MLP ---
[20:28:24] 
  ── 实验 3C: MLP ──
[20:28:25]     设备: mps
[20:28:25]     训练 P0...
[20:28:34]       epochs=60, val_loss=0.5211, val_acc=0.7872
[20:28:34]     训练 P1...
[20:28:38]       epochs=61, val_loss=0.2873, val_acc=0.9078
[20:28:38]     训练 P2...
[20:28:42]       epochs=60, val_loss=0.3775, val_acc=0.8723
[20:28:42]     训练 P3...
[20:28:45]       epochs=62, val_loss=0.3310, val_acc=0.8652
[20:28:45]     训练 P4...
[20:28:49]       epochs=63, val_loss=0.3250, val_acc=0.8794
[20:28:49]     方向准确率: 0.8739
[20:28:49]     缩减率: 0.3640
[20:28:49]     存活率: 0.9416
[20:28:49]     综合效率: 0.3428
[20:28:49]   已保存: phase3_exp3c_daletou.json
[20:28:49] 
──────────────────────────────────────────────────
[20:28:49]   G1: G0 + A3 差分模式
[20:28:49] ──────────────────────────────────────────────────
[20:28:49]   特征维度: 2012
[20:28:49] 
  --- XGBoost ---
[20:28:49] 
  ── 实验 3B: 梯度提升树 ──
[20:28:49]     使用 XGBoost
[20:28:49]     训练 P0...
[20:28:51]       best_iter=111, val_acc=0.7589
[20:28:51]     训练 P1...
[20:28:53]       best_iter=119, val_acc=0.8794
[20:28:53]     训练 P2...
[20:28:54]       best_iter=115, val_acc=0.8865
[20:28:54]     训练 P3...
[20:28:56]       best_iter=109, val_acc=0.8156
[20:28:56]     训练 P4...
[20:28:57]       best_iter=120, val_acc=0.8582
[20:28:57]     方向准确率: 0.8367
[20:28:57]     缩减率: 0.2473
[20:28:57]     存活率: 0.9341
[20:28:57]     综合效率: 0.2310
[20:28:57]   已保存: phase3_exp3b_daletou.json
[20:28:57] 
  --- MLP ---
[20:28:57] 
  ── 实验 3C: MLP ──
[20:28:57]     设备: mps
[20:28:57]     训练 P0...
[20:29:02]       epochs=65, val_loss=0.5501, val_acc=0.7730
[20:29:02]     训练 P1...
[20:29:05]       epochs=64, val_loss=0.3411, val_acc=0.8865
[20:29:05]     训练 P2...
[20:29:09]       epochs=63, val_loss=0.4174, val_acc=0.8652
[20:29:09]     训练 P3...
[20:29:12]       epochs=62, val_loss=0.3775, val_acc=0.8511
[20:29:12]     训练 P4...
[20:29:16]       epochs=67, val_loss=0.3629, val_acc=0.8652
[20:29:16]     方向准确率: 0.8729
[20:29:16]     缩减率: 0.3414
[20:29:16]     存活率: 0.9379
[20:29:16]     综合效率: 0.3202
[20:29:16]   已保存: phase3_exp3c_daletou.json
[20:29:16] 
──────────────────────────────────────────────────
[20:29:16]   G2: G0 + A4 统计量模式
[20:29:16] ──────────────────────────────────────────────────
[20:29:16]   特征维度: 2044
[20:29:16] 
  --- XGBoost ---
[20:29:16] 
  ── 实验 3B: 梯度提升树 ──
[20:29:16]     使用 XGBoost
[20:29:16]     训练 P0...
[20:29:18]       best_iter=94, val_acc=0.7660
[20:29:18]     训练 P1...
[20:29:19]       best_iter=111, val_acc=0.8865
[20:29:19]     训练 P2...
[20:29:21]       best_iter=113, val_acc=0.8794
[20:29:21]     训练 P3...
[20:29:23]       best_iter=117, val_acc=0.7872
[20:29:23]     训练 P4...
[20:29:24]       best_iter=115, val_acc=0.8582
[20:29:24]     方向准确率: 0.8372
[20:29:24]     缩减率: 0.2477
[20:29:24]     存活率: 0.9327
[20:29:24]     综合效率: 0.2310
[20:29:24]   已保存: phase3_exp3b_daletou.json
[20:29:24] 
  --- MLP ---
[20:29:24] 
  ── 实验 3C: MLP ──
[20:29:24]     设备: mps
[20:29:24]     训练 P0...
[20:29:28]       epochs=68, val_loss=0.4817, val_acc=0.8227
[20:29:28]     训练 P1...
[20:29:32]       epochs=65, val_loss=0.3231, val_acc=0.9007
[20:29:32]     训练 P2...
[20:29:36]       epochs=64, val_loss=0.3903, val_acc=0.8794
[20:29:36]     训练 P3...
[20:29:40]       epochs=68, val_loss=0.2808, val_acc=0.8865
[20:29:40]     训练 P4...
[20:29:44]       epochs=67, val_loss=0.3523, val_acc=0.8440
[20:29:44]     方向准确率: 0.8781
[20:29:44]     缩减率: 0.3549
[20:29:44]     存活率: 0.9379
[20:29:44]     综合效率: 0.3329
[20:29:44]   已保存: phase3_exp3c_daletou.json
[20:29:44] 
──────────────────────────────────────────────────
[20:29:44]   G3: 全量 (A1+A2+A3+A4)
[20:29:44] ──────────────────────────────────────────────────
[20:29:44]   特征维度: 2147
[20:29:44] 
  --- XGBoost ---
[20:29:44] 
  ── 实验 3B: 梯度提升树 ──
[20:29:44]     使用 XGBoost
[20:29:44]     训练 P0...
[20:29:47]       best_iter=139, val_acc=0.7234
[20:29:47]     训练 P1...
[20:29:48]       best_iter=105, val_acc=0.8865
[20:29:48]     训练 P2...
[20:29:50]       best_iter=119, val_acc=0.8865
[20:29:50]     训练 P3...
[20:29:52]       best_iter=112, val_acc=0.7801
[20:29:52]     训练 P4...
[20:29:54]       best_iter=112, val_acc=0.8582
[20:29:54]     方向准确率: 0.8400
[20:29:54]     缩减率: 0.2519
[20:29:54]     存活率: 0.9332
[20:29:54]     综合效率: 0.2351
[20:29:54]   已保存: phase3_exp3b_daletou.json
[20:29:54] 
  --- MLP ---
[20:29:54] 
  ── 实验 3C: MLP ──
[20:29:54]     设备: mps
[20:29:54]     训练 P0...
[20:29:59]       epochs=73, val_loss=0.4928, val_acc=0.7872
[20:29:59]     训练 P1...
[20:30:03]       epochs=64, val_loss=0.3829, val_acc=0.8794
[20:30:03]     训练 P2...
[20:30:06]       epochs=64, val_loss=0.4310, val_acc=0.8582
[20:30:06]     训练 P3...
[20:30:10]       epochs=74, val_loss=0.3499, val_acc=0.8652
[20:30:10]     训练 P4...
[20:30:14]       epochs=72, val_loss=0.3665, val_acc=0.8511
[20:30:14]     方向准确率: 0.8649
[20:30:14]     缩减率: 0.3464
[20:30:14]     存活率: 0.9313
[20:30:14]     综合效率: 0.3226
[20:30:14]   已保存: phase3_exp3c_daletou.json
[20:30:14] 
──────────────────────────────────────────────────
[20:30:14]   McNemar 显著性检验
[20:30:14] ──────────────────────────────────────────────────
[20:30:14]   G0_vs_G1_xgb: chi2=0.2368, p=0.6265 (不显著)
[20:30:14]   G0_vs_G2_xgb: chi2=0.0976, p=0.7548 (不显著)
[20:30:14]   G0_vs_G3_xgb: chi2=0.0278, p=0.8676 (不显著)
[20:30:14]   G0_vs_G1_mlp: chi2=0.0238, p=0.8774 (不显著)
[20:30:14]   G0_vs_G2_mlp: chi2=1.0909, p=0.2963 (不显著)
[20:30:14]   G0_vs_G3_mlp: chi2=0.0000, p=1.0000 (不显著)
[20:30:14] 
════════════════════════════════════════════════════════════
[20:30:14]   消融实验汇总: daletou
[20:30:14] ════════════════════════════════════════════════════════════
[20:30:14] 
  组别     特征数      XGB准确率       XGB效率      MLP准确率       MLP效率     
[20:30:14]   ──────────────────────────────────────────────────────────
[20:30:14]   G0     1909     0.8424       0.2559     0.8739       0.3428    
[20:30:14]   G1     2012     0.8367       0.2310     0.8729       0.3202    
[20:30:14]   G2     2044     0.8372       0.2310     0.8781       0.3329    
[20:30:14]   G3     2147     0.8400       0.2351     0.8649       0.3226    
[20:30:14] 
  增量分析（相对G0基线）:
[20:30:14]   G1: XGB准确率 -0.0056, MLP准确率 -0.0009
[20:30:14]   G2: XGB准确率 -0.0052, MLP准确率 +0.0042
[20:30:14]   G3: XGB准确率 -0.0024, MLP准确率 -0.0089
[20:30:14] 
  结论:
[20:30:14]     A3 差分模式: 无用 (XGB: -0.0056)
[20:30:14]     A4 统计量模式: 无用 (XGB: -0.0052)
[20:30:14]   已保存: e0_step3_ablation_daletou.json
[20:30:14] 
════════════════════════════════════════════════════════════
[20:30:14]   E0-Step3 消融实验: shuangseqiu
[20:30:14] ════════════════════════════════════════════════════════════
[20:30:14]   [Phase1 [shuangseqiu]] 开始...
[20:30:14] 
────────────────────────────────────────
[20:30:14] 阶段一：规则压缩 [shuangseqiu]
[20:30:14] ────────────────────────────────────────
[20:30:14]   [加载A2规则] 开始...
[20:30:14]   A2规则数: 10000 (JSON中保存的top规则)
[20:30:14]   A2总规则数: 9273907
[20:30:14]   [加载A2规则] 完成，耗时 0.0s
[20:30:14]   [A2规则聚类] 开始...
[20:30:14]   编码 10000 条规则...
[20:30:14]   搜索最优簇数，候选: (100, 200, 500, 800, 1000)
[20:30:15]     k=100: silhouette=0.0851
[20:30:16]     k=200: silhouette=0.0948
[20:30:18]     k=500: silhouette=0.1154
[20:30:21]     k=800: silhouette=0.1274
[20:30:25]     k=1000: silhouette=0.1306
[20:30:25]   最优簇数: 1000, silhouette=0.1306
[20:30:25]   [A2规则聚类] 完成，耗时 10.9s
[20:30:25]   [A1模式筛选] 开始...
[20:30:25]   A1总模式数: 22153
[20:30:25]   A1 confidence >= 0.4: 15841/22153
[20:30:25]   A1 分组筛选后: 1382 条模式
[20:30:25]   [A1模式筛选] 完成，耗时 0.2s
[20:30:25]   已保存: phase1_clusters_shuangseqiu.json
[20:30:25] 
  阶段一汇总:
[20:30:25]     A2: 10000 条 → 1000 个簇 (silhouette=0.1306)
[20:30:25]     A1: 22153 条 → 1382 条
[20:30:25]   [Phase1 [shuangseqiu]] 完成，耗时 11.2s
[20:30:25]   [Phase2 [shuangseqiu]] 开始...
[20:30:25] 
────────────────────────────────────────
[20:30:25] 阶段二：历史回放 [shuangseqiu]
[20:30:25] ────────────────────────────────────────
[20:30:25]   [加载数据] 开始...
[20:30:25]   总期数: 3413, 红球位置数: 6
[20:30:25]   [加载数据] 完成，耗时 0.0s
[20:30:25]   [预计算差分和统计量] 开始...
[20:30:25]   [预计算差分和统计量] 完成，耗时 0.1s
[20:30:25]   时间切分: 规则期[0:2047], 训练期[2047:2901], 测试期[2901:3413]
[20:30:25]   训练样本: 854 期, 测试样本: 512 期
[20:30:25]   [拟合归一化器] 开始...
[20:30:25]   [拟合归一化器] 完成，耗时 0.0s
[20:30:25]   [加载 A3/A4 规则] 开始...
[20:30:25]   A3 规则: 600 条, A4 规则: 1237 条
[20:30:25]   [加载 A3/A4 规则] 完成，耗时 0.0s
[20:30:25]   [A3 预计算离散化] 开始...
[20:30:25]   A3 分组: 12 组, 特征维度: 120
[20:30:25]   [A3 预计算离散化] 完成，耗时 0.0s
[20:30:25]   [A4 预计算离散化] 开始...
[20:30:25]   A4 分组: 21 组, 特征维度: 135
[20:30:25]   [A4 预计算离散化] 完成，耗时 0.0s
[20:30:25]   [构造训练集特征] 开始...
[20:30:26]     训练集进度: 100/854
[20:30:27]     训练集进度: 200/854
[20:30:27]     训练集进度: 300/854
[20:30:28]     训练集进度: 400/854
[20:30:28]     训练集进度: 500/854
[20:30:29]     训练集进度: 600/854
[20:30:29]     训练集进度: 700/854
[20:30:30]     训练集进度: 800/854
[20:30:30]   [构造训练集特征] 完成，耗时 4.7s
[20:30:30]   [构造测试集特征] 开始...
[20:30:31]     测试集进度: 100/512
[20:30:31]     测试集进度: 200/512
[20:30:32]     测试集进度: 300/512
[20:30:32]     测试集进度: 400/512
[20:30:33]     测试集进度: 500/512
[20:30:33]   [构造测试集特征] 完成，耗时 2.6s
[20:30:33]   [转换为numpy数组] 开始...
[20:30:33]   [转换为numpy数组] 完成，耗时 0.5s
[20:30:33] 
  数据集形状:
[20:30:33]     train_X: (854, 2755), train_Y: (854, 6)
[20:30:33]     test_X:  (512, 2755),  test_Y:  (512, 6)
[20:30:33]     特征数: 2755
[20:30:33]   已保存: phase2_train_shuangseqiu.npz
[20:30:33]   已保存: phase2_test_shuangseqiu.npz
[20:30:33]   已保存: phase2_feature_names_shuangseqiu.json
[20:30:33]   已保存: phase2_summary_shuangseqiu.json
[20:30:33]   [Phase2 [shuangseqiu]] 完成，耗时 8.1s
[20:30:33] 
  全量特征: 2755 维
[20:30:33]   A3 特征: 120 维, A4 特征: 135 维
[20:30:33] 
──────────────────────────────────────────────────
[20:30:33]   G0: 基线 (A1+A2+局面)
[20:30:33] ──────────────────────────────────────────────────
[20:30:33]   特征维度: 2494
[20:30:33] 
  --- XGBoost ---
[20:30:33] 
  ── 实验 3B: 梯度提升树 ──
[20:30:33]     使用 XGBoost
[20:30:33]     训练 P0...
[20:30:35]       best_iter=97, val_acc=0.7824
[20:30:35]     训练 P1...
[20:30:37]       best_iter=102, val_acc=0.7882
[20:30:37]     训练 P2...
[20:30:39]       best_iter=119, val_acc=0.8176
[20:30:39]     训练 P3...
[20:30:41]       best_iter=104, val_acc=0.7941
[20:30:41]     训练 P4...
[20:30:43]       best_iter=88, val_acc=0.7941
[20:30:43]     训练 P5...
[20:30:46]       best_iter=99, val_acc=0.7294
[20:30:46]     方向准确率: 0.8034
[20:30:46]     缩减率: 0.2158
[20:30:46]     存活率: 0.9326
[20:30:46]     综合效率: 0.2013
[20:30:46]   已保存: phase3_exp3b_shuangseqiu.json
[20:30:46] 
  --- MLP ---
[20:30:46] 
  ── 实验 3C: MLP ──
[20:30:46]     设备: mps
[20:30:46]     训练 P0...
[20:30:50]       epochs=56, val_loss=0.4885, val_acc=0.8118
[20:30:50]     训练 P1...
[20:30:54]       epochs=57, val_loss=0.4338, val_acc=0.8471
[20:30:54]     训练 P2...
[20:30:59]       epochs=61, val_loss=0.3443, val_acc=0.8941
[20:30:59]     训练 P3...
[20:31:02]       epochs=58, val_loss=0.3156, val_acc=0.8882
[20:31:02]     训练 P4...
[20:31:07]       epochs=60, val_loss=0.4879, val_acc=0.8353
[20:31:07]     训练 P5...
[20:31:12]       epochs=61, val_loss=0.5566, val_acc=0.7765
[20:31:12]     方向准确率: 0.8659
[20:31:12]     缩减率: 0.3564
[20:31:12]     存活率: 0.9333
[20:31:12]     综合效率: 0.3326
[20:31:12]   已保存: phase3_exp3c_shuangseqiu.json
[20:31:12] 
──────────────────────────────────────────────────
[20:31:12]   G1: G0 + A3 差分模式
[20:31:12] ──────────────────────────────────────────────────
[20:31:12]   特征维度: 2617
[20:31:12] 
  --- XGBoost ---
[20:31:12] 
  ── 实验 3B: 梯度提升树 ──
[20:31:12]     使用 XGBoost
[20:31:12]     训练 P0...
[20:31:13]       best_iter=98, val_acc=0.7824
[20:31:13]     训练 P1...
[20:31:15]       best_iter=87, val_acc=0.7941
[20:31:15]     训练 P2...
[20:31:18]       best_iter=120, val_acc=0.8235
[20:31:18]     训练 P3...
[20:31:21]       best_iter=152, val_acc=0.8000
[20:31:21]     训练 P4...
[20:31:22]       best_iter=83, val_acc=0.8000
[20:31:22]     训练 P5...
[20:31:24]       best_iter=98, val_acc=0.7471
[20:31:24]     方向准确率: 0.8024
[20:31:24]     缩减率: 0.2138
[20:31:24]     存活率: 0.9313
[20:31:24]     综合效率: 0.1991
[20:31:24]   已保存: phase3_exp3b_shuangseqiu.json
[20:31:24] 
  --- MLP ---
[20:31:24] 
  ── 实验 3C: MLP ──
[20:31:24]     设备: mps
[20:31:24]     训练 P0...
[20:31:29]       epochs=59, val_loss=0.5161, val_acc=0.7882
[20:31:29]     训练 P1...
[20:31:34]       epochs=62, val_loss=0.4591, val_acc=0.8353
[20:31:34]     训练 P2...
[20:31:38]       epochs=62, val_loss=0.3608, val_acc=0.8941
[20:31:38]     训练 P3...
[20:31:43]       epochs=61, val_loss=0.3783, val_acc=0.8765
[20:31:43]     训练 P4...
[20:31:47]       epochs=62, val_loss=0.5508, val_acc=0.8294
[20:31:47]     训练 P5...
[20:31:51]       epochs=60, val_loss=0.6055, val_acc=0.7824
[20:31:51]     方向准确率: 0.8477
[20:31:51]     缩减率: 0.3284
[20:31:51]     存活率: 0.9297
[20:31:51]     综合效率: 0.3053
[20:31:51]   已保存: phase3_exp3c_shuangseqiu.json
[20:31:51] 
──────────────────────────────────────────────────
[20:31:51]   G2: G0 + A4 统计量模式
[20:31:51] ──────────────────────────────────────────────────
[20:31:52]   特征维度: 2632
[20:31:52] 
  --- XGBoost ---
[20:31:52] 
  ── 实验 3B: 梯度提升树 ──
[20:31:52]     使用 XGBoost
[20:31:52]     训练 P0...
[20:31:53]       best_iter=102, val_acc=0.7765
[20:31:53]     训练 P1...
[20:31:55]       best_iter=85, val_acc=0.8059
[20:31:55]     训练 P2...
[20:31:57]       best_iter=110, val_acc=0.8235
[20:31:57]     训练 P3...
[20:32:00]       best_iter=111, val_acc=0.7941
[20:32:00]     训练 P4...
[20:32:01]       best_iter=82, val_acc=0.8000
[20:32:01]     训练 P5...
[20:32:03]       best_iter=98, val_acc=0.7235
[20:32:03]     方向准确率: 0.8024
[20:32:03]     缩减率: 0.2152
[20:32:03]     存活率: 0.9352
[20:32:03]     综合效率: 0.2013
[20:32:03]   已保存: phase3_exp3b_shuangseqiu.json
[20:32:03] 
  --- MLP ---
[20:32:03] 
  ── 实验 3C: MLP ──
[20:32:03]     设备: mps
[20:32:03]     训练 P0...
[20:32:08]       epochs=59, val_loss=0.4681, val_acc=0.8118
[20:32:08]     训练 P1...
[20:32:12]       epochs=63, val_loss=0.4297, val_acc=0.8588
[20:32:12]     训练 P2...
[20:32:17]       epochs=64, val_loss=0.3610, val_acc=0.8765
[20:32:17]     训练 P3...
[20:32:22]       epochs=66, val_loss=0.2996, val_acc=0.9118
[20:32:22]     训练 P4...
[20:32:27]       epochs=65, val_loss=0.4984, val_acc=0.8353
[20:32:27]     训练 P5...
[20:32:32]       epochs=64, val_loss=0.5414, val_acc=0.7941
[20:32:32]     方向准确率: 0.8665
[20:32:32]     缩减率: 0.3433
[20:32:32]     存活率: 0.9401
[20:32:32]     综合效率: 0.3227
[20:32:32]   已保存: phase3_exp3c_shuangseqiu.json
[20:32:32] 
──────────────────────────────────────────────────
[20:32:32]   G3: 全量 (A1+A2+A3+A4)
[20:32:32] ──────────────────────────────────────────────────
[20:32:32]   特征维度: 2755
[20:32:32] 
  --- XGBoost ---
[20:32:32] 
  ── 实验 3B: 梯度提升树 ──
[20:32:32]     使用 XGBoost
[20:32:32]     训练 P0...
[20:32:34]       best_iter=98, val_acc=0.7647
[20:32:34]     训练 P1...
[20:32:35]       best_iter=74, val_acc=0.7882
[20:32:35]     训练 P2...
[20:32:38]       best_iter=120, val_acc=0.8235
[20:32:38]     训练 P3...
[20:32:40]       best_iter=98, val_acc=0.8000
[20:32:40]     训练 P4...
[20:32:42]       best_iter=97, val_acc=0.7824
[20:32:42]     训练 P5...
[20:32:44]       best_iter=100, val_acc=0.7294
[20:32:44]     方向准确率: 0.8037
[20:32:44]     缩减率: 0.2101
[20:32:44]     存活率: 0.9368
[20:32:44]     综合效率: 0.1969
[20:32:44]   已保存: phase3_exp3b_shuangseqiu.json
[20:32:44] 
  --- MLP ---
[20:32:44] 
  ── 实验 3C: MLP ──
[20:32:44]     设备: mps
[20:32:44]     训练 P0...
[20:32:49]       epochs=64, val_loss=0.5081, val_acc=0.8118
[20:32:49]     训练 P1...
[20:32:54]       epochs=65, val_loss=0.4369, val_acc=0.8529
[20:32:54]     训练 P2...
[20:32:59]       epochs=68, val_loss=0.3846, val_acc=0.8824
[20:32:59]     训练 P3...
[20:33:01]       epochs=70, val_loss=0.3394, val_acc=0.8941
[20:33:01]     训练 P4...
[20:33:03]       epochs=67, val_loss=0.5370, val_acc=0.8353
[20:33:03]     训练 P5...
[20:33:05]       epochs=69, val_loss=0.5664, val_acc=0.7765
[20:33:05]     方向准确率: 0.8525
[20:33:05]     缩减率: 0.3431
[20:33:05]     存活率: 0.9258
[20:33:05]     综合效率: 0.3177
[20:33:05]   已保存: phase3_exp3c_shuangseqiu.json
[20:33:05] 
──────────────────────────────────────────────────
[20:33:05]   McNemar 显著性检验
[20:33:05] ──────────────────────────────────────────────────
[20:33:05]   G0_vs_G1_xgb: chi2=0.0385, p=0.8445 (不显著)
[20:33:05]   G0_vs_G2_xgb: chi2=0.6400, p=0.4237 (不显著)
[20:33:05]   G0_vs_G3_xgb: chi2=0.0000, p=1.0000 (不显著)
[20:33:05]   G0_vs_G1_mlp: chi2=4.0635, p=0.0438 (显著)
[20:33:05]   G0_vs_G2_mlp: chi2=1.1136, p=0.2913 (不显著)
[20:33:05]   G0_vs_G3_mlp: chi2=0.3788, p=0.5383 (不显著)
[20:33:05] 
════════════════════════════════════════════════════════════
[20:33:05]   消融实验汇总: shuangseqiu
[20:33:05] ════════════════════════════════════════════════════════════
[20:33:05] 
  组别     特征数      XGB准确率       XGB效率      MLP准确率       MLP效率     
[20:33:05]   ──────────────────────────────────────────────────────────
[20:33:05]   G0     2494     0.8034       0.2013     0.8659       0.3326    
[20:33:05]   G1     2617     0.8024       0.1991     0.8477       0.3053    
[20:33:05]   G2     2632     0.8024       0.2013     0.8665       0.3227    
[20:33:05]   G3     2755     0.8037       0.1969     0.8525       0.3177    
[20:33:05] 
  增量分析（相对G0基线）:
[20:33:05]   G1: XGB准确率 -0.0010, MLP准确率 -0.0182
[20:33:05]   G2: XGB准确率 -0.0010, MLP准确率 +0.0007
[20:33:05]   G3: XGB准确率 +0.0003, MLP准确率 -0.0133
[20:33:05] 
  结论:
[20:33:05]     A3 差分模式: 无用 (XGB: -0.0010)
[20:33:05]     A4 统计量模式: 无用 (XGB: -0.0010)
[20:33:05]   已保存: e0_step3_ablation_shuangseqiu.json
[20:33:05] 
════════════════════════════════════════════════════════════
[20:33:05]   跨彩种汇总结论
[20:33:05] ════════════════════════════════════════════════════════════
[20:33:05] 
  daletou:
[20:33:05]     A3: 无用 (XGB -0.0056, MLP -0.0009)
[20:33:05]     A4: 无用 (XGB -0.0052, MLP +0.0042)
[20:33:05] 
  shuangseqiu:
[20:33:05]     A3: 无用 (XGB -0.0010, MLP -0.0182)
[20:33:05]     A4: 无用 (XGB -0.0010, MLP +0.0007)
[20:33:05] 
  最终决策:
[20:33:05]     daletou: 移除 A3 特征（无增量贡献）
[20:33:05]     daletou: 移除 A4 特征（无增量贡献）
[20:33:05]     shuangseqiu: 移除 A3 特征（无增量贡献）
[20:33:05]     shuangseqiu: 移除 A4 特征（无增量贡献）
[20:33:05]   已保存: e0_step3_summary.json
[20:33:05] 
════════════════════════════════════════════════════════════
[20:33:05]   E0-Step3 消融实验完成！
[20:33:05]   结果目录: /Users/yuanye/Documents/深度搜索/ToBeRich/RichRichRich/src/research/results/e0_step3_ablation
[20:33:05] ════════════════════════════════════════════════════════════
