[21:51:02] ============================================================
[21:51:02]   E0-Step6: 蓝球规则适配实验
[21:51:02] ============================================================
[21:51:02] 
══════════════════════════════════════════════════
[21:51:02]   蓝球适配实验: daletou
[21:51:02] ══════════════════════════════════════════════════
[21:51:02]   [蓝球阶段一 [daletou]] 开始...
[21:51:02] 
────────────────────────────────────────
[21:51:02] 蓝球阶段一：规则压缩 [daletou]
[21:51:02] ────────────────────────────────────────
[21:51:02]   [加载蓝球 A2 规则] 开始...
[21:51:02]   A2 规则数: 10000 (保存的 top 规则)
[21:51:02]   A2 总规则数: 13011
[21:51:02]   [加载蓝球 A2 规则] 完成，耗时 0.0s
[21:51:02]   [A2 规则聚类] 开始...
[21:51:02]   候选簇数: (100, 200, 500, 800, 1000)
[21:51:02]   编码 10000 条规则...
[21:51:02]   搜索最优簇数，候选: (100, 200, 500, 800, 1000)
[21:51:03]     k=100: silhouette=0.1703
[21:51:03]     k=200: silhouette=0.2134
[21:51:05]     k=500: silhouette=0.2953
[21:51:07]     k=800: silhouette=0.3387
[21:51:09]     k=1000: silhouette=0.3617
[21:51:09]   最优簇数: 1000, silhouette=0.3617
[21:51:09]   [A2 规则聚类] 完成，耗时 7.1s
[21:51:09]   [蓝球 A1 模式筛选] 开始...
[21:51:09]   A1 总模式数: 1949
[21:51:09]   A1 confidence >= 0.4: 1735/1949
[21:51:09]   A1 分组筛选后: 129 条模式
[21:51:09]   [蓝球 A1 模式筛选] 完成，耗时 0.0s
[21:51:09]   已保存: blue_phase1_summary_daletou.json
[21:51:09] 
  蓝球阶段一汇总:
[21:51:09]     A2: 10000 条 → 1000 个簇 (silhouette=0.3617)
[21:51:09]     A1: 1949 条 → 129 条
[21:51:09]   [蓝球阶段一 [daletou]] 完成，耗时 7.1s
[21:51:09]   [蓝球阶段二 [daletou]] 开始...
[21:51:09] 
────────────────────────────────────────
[21:51:09] 蓝球阶段二：历史回放 [daletou]
[21:51:09] ────────────────────────────────────────
[21:51:09]   [加载数据] 开始...
[21:51:09]   总期数: 2833, 蓝球位置数: 2, 范围: 1-12
[21:51:09]   [加载数据] 完成，耗时 0.0s
[21:51:09]   [预计算差分] 开始...
[21:51:09]   [预计算差分] 完成，耗时 0.0s
[21:51:09]   时间切分: 规则期[0:1699], 训练期[1699:2408], 测试期[2408:2833]
[21:51:09]   训练样本: 709 期, 测试样本: 425 期
[21:51:09]   [拟合归一化器] 开始...
[21:51:09]   [拟合归一化器] 完成，耗时 0.0s
[21:51:09]   [构造训练集特征] 开始...
[21:51:09]     训练集进度: 200/709
[21:51:10]     训练集进度: 400/709
[21:51:10]     训练集进度: 600/709
[21:51:10]   [构造训练集特征] 完成，耗时 0.6s
[21:51:10]   [构造测试集特征] 开始...
[21:51:10]     测试集进度: 200/425
[21:51:10]     测试集进度: 400/425
[21:51:10]   [构造测试集特征] 完成，耗时 0.3s
[21:51:10]   [转换为 numpy 数组] 开始...
[21:51:10]   [转换为 numpy 数组] 完成，耗时 0.1s
[21:51:10] 
  数据集形状:
[21:51:10]     train_X: (709, 1163), train_Y: (709, 2)
[21:51:10]     test_X:  (425, 1163),  test_Y:  (425, 2)
[21:51:10]     特征数: 1163
[21:51:10]   已保存: blue_phase2_train_daletou.npz
[21:51:10]   已保存: blue_phase2_test_daletou.npz
[21:51:10]   已保存: blue_phase2_feature_names_daletou.json
[21:51:10]   已保存: blue_phase2_summary_daletou.json
[21:51:10]   [蓝球阶段二 [daletou]] 完成，耗时 1.0s
[21:51:10]   [蓝球阶段三 [daletou]] 开始...
[21:51:10] 
────────────────────────────────────────
[21:51:10] 阶段三：适配模型训练 [daletou]
[21:51:10] ────────────────────────────────────────
[21:51:10]   [实验 3A] 开始...
[21:51:10] 
  ── 实验 3A: 统计基线 ──
[21:51:10]     规则特征数: A2=1000, A1=129, 总=1129
[21:51:10]     有效规则-位置对: 782
[21:51:10]     方向准确率: 0.8224
[21:51:10]     缩减率: 0.3020
[21:51:10]     存活率: 0.9729
[21:51:10]     综合效率: 0.2938
[21:51:10]   已保存: phase3_exp3a_daletou.json
[21:51:10]   [实验 3A] 完成，耗时 0.1s
[21:51:10]   [实验 3B] 开始...
[21:51:10] 
  ── 实验 3B: 梯度提升树 ──
[21:51:10]     XGBoost 不可用，使用 sklearn GradientBoosting
[21:51:10]     训练 P0...
[21:51:11]       best_iter=176, val_acc=0.9433
[21:51:11]     训练 P1...
[21:51:13]       best_iter=230, val_acc=0.9858
[21:51:13]     方向准确率: 0.9671
[21:51:13]     缩减率: 0.4382
[21:51:13]     存活率: 0.9835
[21:51:13]     综合效率: 0.4310
[21:51:13]   已保存: phase3_exp3b_daletou.json
[21:51:13]   [实验 3B] 完成，耗时 2.2s
[21:51:13] 
  跳过 3C（3B 效率=0.4310 >= 0.25）
[21:51:13]   [蓝球阶段三 [daletou]] 完成，耗时 2.3s
[21:51:13]   [蓝球阶段四 [daletou]] 开始...
[21:51:13] 
────────────────────────────────────────
[21:51:13] 阶段四：结果分析 [daletou]
[21:51:13] ────────────────────────────────────────
[21:51:13]   [方案对比] 开始...
[21:51:13]   已保存: phase4_comparison_daletou.json
[21:51:13]     最优方案: 3B_xgboost, 效率=0.4310
[21:51:13]   [方案对比] 完成，耗时 0.0s
[21:51:13]   [特征分析] 开始...
[21:51:13]   已保存: phase4_feature_analysis_daletou.json
[21:51:13]     特征贡献: 规则=80.6%, 局面=10.0%, 元信息=9.4%
[21:51:13]   [特征分析] 完成，耗时 0.0s
[21:51:13]   [失败分析] 开始...
[21:51:13]   已保存: phase4_failure_analysis_daletou.json
[21:51:13]     所有位置存活率均 >= 85%，无明显失败模式
[21:51:13]   [失败分析] 完成，耗时 0.0s
[21:51:13]   [生成最终报告] 开始...
[21:51:13]   已保存: phase4_final_report_daletou.json
[21:51:13] 
  ═══ 结论 ═══
[21:51:13]   SUCCESS: 综合效率 0.4310 >= 0.25，规则适配方案可行
[21:51:13]   最优方案: 3B_xgboost
[21:51:13]   方向准确率: 0.9671
[21:51:13]   缩减率: 0.4382
[21:51:13]   存活率: 0.9835
[21:51:13]   综合效率: 0.4310
[21:51:13] 
  ═══ 建议 ═══
[21:51:13]   1. 局面特征贡献低（<10%）：考虑增加更多局面特征（如更长的lag、二阶差分等）
[21:51:13]   2. 当前规则用全量数据挖掘，存在数据泄露风险。如果实验结果有价值，建议用时间切分后的数据重新挖掘规则做严格验证
[21:51:13]   3. v2 Step 3 建议采用 3B_xgboost 方案，方向预测准确率 0.9671，可在此基础上叠加约束传播进一步缩号
[21:51:13]   [生成最终报告] 完成，耗时 0.0s
[21:51:13]   [蓝球阶段四 [daletou]] 完成，耗时 0.0s
[21:51:13] 
══════════════════════════════════════════════════
[21:51:13]   蓝球适配实验: shuangseqiu
[21:51:13] ══════════════════════════════════════════════════
[21:51:13]   [蓝球阶段一 [shuangseqiu]] 开始...
[21:51:13] 
────────────────────────────────────────
[21:51:13] 蓝球阶段一：规则压缩 [shuangseqiu]
[21:51:13] ────────────────────────────────────────
[21:51:13]   [加载蓝球 A2 规则] 开始...
[21:51:13]   A2 规则数: 129 (保存的 top 规则)
[21:51:13]   A2 总规则数: 129
[21:51:13]   [加载蓝球 A2 规则] 完成，耗时 0.0s
[21:51:13]   [A2 规则聚类] 开始...
[21:51:13]   候选簇数: (20, 50, 100)
[21:51:13]   编码 129 条规则...
[21:51:13]   搜索最优簇数，候选: (20, 50, 100)
[21:51:13]     k=20: silhouette=0.1669
[21:51:13]     k=50: silhouette=0.2816
[21:51:13]     k=100: silhouette=0.2255
[21:51:13]   最优簇数: 50, silhouette=0.2816
[21:51:13]   [A2 规则聚类] 完成，耗时 0.1s
[21:51:13]   [蓝球 A1 模式筛选] 开始...
[21:51:13]   A1 总模式数: 1082
[21:51:13]   A1 confidence >= 0.4: 1056/1082
[21:51:13]   A1 分组筛选后: 58 条模式
[21:51:13]   [蓝球 A1 模式筛选] 完成，耗时 0.0s
[21:51:13]   已保存: blue_phase1_summary_shuangseqiu.json
[21:51:13] 
  蓝球阶段一汇总:
[21:51:13]     A2: 129 条 → 50 个簇 (silhouette=0.2816)
[21:51:13]     A1: 1082 条 → 58 条
[21:51:13]   [蓝球阶段一 [shuangseqiu]] 完成，耗时 0.1s
[21:51:13]   [蓝球阶段二 [shuangseqiu]] 开始...
[21:51:13] 
────────────────────────────────────────
[21:51:13] 蓝球阶段二：历史回放 [shuangseqiu]
[21:51:13] ────────────────────────────────────────
[21:51:13]   [加载数据] 开始...
[21:51:13]   总期数: 3413, 蓝球位置数: 1, 范围: 1-16
[21:51:13]   [加载数据] 完成，耗时 0.0s
[21:51:13]   [预计算差分] 开始...
[21:51:13]   [预计算差分] 完成，耗时 0.0s
[21:51:13]   时间切分: 规则期[0:2047], 训练期[2047:2901], 测试期[2901:3413]
[21:51:13]   训练样本: 854 期, 测试样本: 512 期
[21:51:13]   [拟合归一化器] 开始...
[21:51:13]   [拟合归一化器] 完成，耗时 0.0s
[21:51:13]   [构造训练集特征] 开始...
[21:51:13]     训练集进度: 200/854
[21:51:13]     训练集进度: 400/854
[21:51:13]     训练集进度: 600/854
[21:51:13]     训练集进度: 800/854
[21:51:13]   [构造训练集特征] 完成，耗时 0.1s
[21:51:13]   [构造测试集特征] 开始...
[21:51:13]     测试集进度: 200/512
[21:51:13]     测试集进度: 400/512
[21:51:13]   [构造测试集特征] 完成，耗时 0.0s
[21:51:13]   [转换为 numpy 数组] 开始...
[21:51:13]   [转换为 numpy 数组] 完成，耗时 0.0s
[21:51:13] 
  数据集形状:
[21:51:13]     train_X: (854, 127), train_Y: (854, 1)
[21:51:13]     test_X:  (512, 127),  test_Y:  (512, 1)
[21:51:13]     特征数: 127
[21:51:13]   已保存: blue_phase2_train_shuangseqiu.npz
[21:51:13]   已保存: blue_phase2_test_shuangseqiu.npz
[21:51:13]   已保存: blue_phase2_feature_names_shuangseqiu.json
[21:51:13]   已保存: blue_phase2_summary_shuangseqiu.json
[21:51:13]   [蓝球阶段二 [shuangseqiu]] 完成，耗时 0.1s
[21:51:13]   [蓝球阶段三 [shuangseqiu]] 开始...
[21:51:13] 
────────────────────────────────────────
[21:51:13] 阶段三：适配模型训练 [shuangseqiu]
[21:51:13] ────────────────────────────────────────
[21:51:13]   [实验 3A] 开始...
[21:51:13] 
  ── 实验 3A: 统计基线 ──
[21:51:13]     规则特征数: A2=50, A1=58, 总=108
[21:51:13]     有效规则-位置对: 62
[21:51:13]     方向准确率: 0.9004
[21:51:13]     缩减率: 0.3525
[21:51:13]     存活率: 0.9727
[21:51:13]     综合效率: 0.3429
[21:51:13]   已保存: phase3_exp3a_shuangseqiu.json
[21:51:13]   [实验 3A] 完成，耗时 0.0s
[21:51:13]   [实验 3B] 开始...
[21:51:13] 
  ── 实验 3B: 梯度提升树 ──
[21:51:13]     XGBoost 不可用，使用 sklearn GradientBoosting
[21:51:13]     训练 P0...
[21:51:13]       best_iter=140, val_acc=0.9706
[21:51:13]     方向准确率: 0.9609
[21:51:13]     缩减率: 0.3650
[21:51:13]     存活率: 0.9785
[21:51:13]     综合效率: 0.3571
[21:51:13]   已保存: phase3_exp3b_shuangseqiu.json
[21:51:13]   [实验 3B] 完成，耗时 0.3s
[21:51:13] 
  跳过 3C（3B 效率=0.3571 >= 0.25）
[21:51:13]   [蓝球阶段三 [shuangseqiu]] 完成，耗时 0.4s
[21:51:13]   [蓝球阶段四 [shuangseqiu]] 开始...
[21:51:13] 
────────────────────────────────────────
[21:51:13] 阶段四：结果分析 [shuangseqiu]
[21:51:13] ────────────────────────────────────────
[21:51:13]   [方案对比] 开始...
[21:51:13]   已保存: phase4_comparison_shuangseqiu.json
[21:51:13]     最优方案: 3B_xgboost, 效率=0.3571
[21:51:13]   [方案对比] 完成，耗时 0.0s
[21:51:13]   [特征分析] 开始...
[21:51:13]   已保存: phase4_feature_analysis_shuangseqiu.json
[21:51:13]     特征贡献: 规则=90.6%, 局面=2.9%, 元信息=6.5%
[21:51:13]   [特征分析] 完成，耗时 0.0s
[21:51:13]   [失败分析] 开始...
[21:51:13]   已保存: phase4_failure_analysis_shuangseqiu.json
[21:51:13]     所有位置存活率均 >= 85%，无明显失败模式
[21:51:13]   [失败分析] 完成，耗时 0.0s
[21:51:13]   [生成最终报告] 开始...
[21:51:13]   已保存: phase4_final_report_shuangseqiu.json
[21:51:13] 
  ═══ 结论 ═══
[21:51:13]   SUCCESS: 综合效率 0.3571 >= 0.25，规则适配方案可行
[21:51:13]   最优方案: 3B_xgboost
[21:51:13]   方向准确率: 0.9609
[21:51:13]   缩减率: 0.3650
[21:51:13]   存活率: 0.9785
[21:51:13]   综合效率: 0.3571
[21:51:13] 
  ═══ 建议 ═══
[21:51:13]   1. 局面特征贡献低（<10%）：考虑增加更多局面特征（如更长的lag、二阶差分等）
[21:51:13]   2. 当前规则用全量数据挖掘，存在数据泄露风险。如果实验结果有价值，建议用时间切分后的数据重新挖掘规则做严格验证
[21:51:13]   3. v2 Step 3 建议采用 3B_xgboost 方案，方向预测准确率 0.9609，可在此基础上叠加约束传播进一步缩号
[21:51:13]   [生成最终报告] 完成，耗时 0.0s
[21:51:13]   [蓝球阶段四 [shuangseqiu]] 完成，耗时 0.0s
[21:51:13]   已保存: e0_step6_blue_summary.json
[21:51:13] 
════════════════════════════════════════════════════════════
[21:51:13]   E0-Step6 完成！总耗时: 11.0s
[21:51:13] ════════════════════════════════════════════════════════════
[21:51:13]   daletou: 方向准确率=0.9671, 缩减率=0.4382, 存活率=0.9835, 效率=0.4310 [SUCCESS]
[21:51:13]   shuangseqiu: 方向准确率=0.9609, 缩减率=0.3650, 存活率=0.9785, 效率=0.3571 [SUCCESS]
[21:51:13]   结果目录: /Users/yuanye/Documents/深度搜索/ToBeRich/RichRichRich/src/research/results/experiment_blue
