[11:56:27] ============================================================
[11:56:27]   E3: 规则灵活运用框架
[11:56:27] ============================================================
[11:56:27] 

############################################################
[11:56:27]   彩种: SHUANGSEQIU
[11:56:27] ############################################################
[11:56:27]   [E3a (shuangseqiu)] 开始...
[11:56:27] 
═══════════════════════════════════════════════════════
[11:56:27]   E3a 硬排除边界验证: shuangseqiu
[11:56:27] ═══════════════════════════════════════════════════════
[11:56:27]   从缓存加载 probs: phase3_best_probs_shuangseqiu.npz
[11:56:27]   测试样本: 512, 位置数: 6, 红球范围: 1-33
[11:56:27]   [统计差分分布] 开始...
[11:56:27]   [统计差分分布] 完成，耗时 0.0s
[11:56:27] 
  --- 规则 1：排序约束值域传播 ---
[11:56:27]   误排除率: 0.0000% (0/3072)
[11:56:27]   每位置平均排除: 5.0/33
[11:56:27] 
  --- 规则 2：方向极端概率排除 ---
[11:56:27]   θ=0.90: 误排除=3.3070%, 触发率=65.95%, 平均排除=13.4 [NO-GO]
[11:56:27]   θ=0.92: 误排除=3.0906%, 触发率=62.14%, 平均排除=13.3 [NO-GO]
[11:56:27]   θ=0.94: 误排除=2.3715%, 触发率=57.65%, 平均排除=13.2 [NO-GO]
[11:56:27]   θ=0.95: 误排除=2.0154%, 触发率=54.92%, 平均排除=13.2 [NO-GO]
[11:56:27]   θ=0.96: 误排除=1.5180%, 触发率=51.46%, 平均排除=13.1 [NO-GO]
[11:56:27]   θ=0.97: 误排除=1.3049%, 触发率=47.40%, 平均排除=13.0 [NO-GO]
[11:56:27]   θ=0.98: 误排除=0.7126%, 触发率=41.11%, 平均排除=12.9 [GO]
[11:56:27]   θ=0.99: 误排除=0.3128%, 触发率=31.22%, 平均排除=12.4 [GO]
[11:56:27]   最优阈值: θ=0.98
[11:56:27] 
  --- 规则 3：差分幅度极端值排除 ---
[11:56:27]   误排除率: 0.8789% (27/3072)
[11:56:27]   每位置平均排除: 7.3/33
[11:56:27] 
  E3a 汇总: 3 条规则通过 (['rule1_ordering_constraint', 'rule2_direction_extreme', 'rule3_diff_extreme'])
[11:56:27]   已保存: e3a_hard_exclusion_shuangseqiu.json
[11:56:27]   [E3a (shuangseqiu)] 完成，耗时 0.0s
[11:56:27]   [E3b (shuangseqiu)] 开始...
[11:56:27] 
═══════════════════════════════════════════════════════
[11:56:27]   E3b 多信号融合验证: shuangseqiu
[11:56:27] ═══════════════════════════════════════════════════════
[11:56:27]   从缓存加载 probs: phase3_best_probs_shuangseqiu.npz
[11:56:27]   [预计算差分分布] 开始...
[11:56:27]   [预计算差分分布] 完成，耗时 0.0s
[11:56:27]   [构建条件概率矩阵] 开始...
[11:56:27]   [构建条件概率矩阵] 完成，耗时 0.0s
[11:56:27]   [信号源 A（基线权重）] 开始...
[11:56:27]   [信号源 A（基线权重）] 完成，耗时 0.0s
[11:56:27]   信号 A: 512 样本
[11:56:27]   [信号源 B（规则簇条件权重）] 开始...
[11:56:27]   [信号B] 加载 1000 个规则簇
[11:56:29]   [信号源 B（规则簇条件权重）] 完成，耗时 2.0s
[11:56:29]   信号 B: 512 样本
[11:56:29]   [信号源 C（跨位置一致性）] 开始...
[11:56:29]   [信号源 C（跨位置一致性）] 完成，耗时 0.1s
[11:56:29]   信号 C: 512 样本
[11:56:29]   [信号源 D（A3 差分模式）] 开始...
[11:56:29]   [信号D] A3 规则: 240 条 (分 12 组)
[11:56:29]   [信号源 D（A3 差分模式）] 完成，耗时 0.1s
[11:56:29]   信号 D: 512 样本
[11:56:29]   [信号源 E（A4 统计量模式）] 开始...
[11:56:29]   [信号E] A4 规则: 261 条 (分 21 组)
[11:56:29]   [信号源 E（A4 统计量模式）] 完成，耗时 0.1s
[11:56:29]   信号 E: 512 样本
[11:56:29]   [信号源 F（E1 规律库幅度分布）] 开始...
[11:56:29]   [信号F] 加载 E1 规律库: 402 条规则, 覆盖 6 个位置
[11:56:30]   [信号F] 平均每位置匹配规则数: 3.8
[11:56:30]   [信号源 F（E1 规律库幅度分布）] 完成，耗时 1.2s
[11:56:30]   信号 F: 512 样本
[11:56:30]   [信号源 G（多期局面条件频率）] 开始...
[11:56:30]   [信号G] 窗口 W1: 660 个条件规格组
[11:56:30]   [信号G] 窗口 W3: 66 个条件规格组
[11:56:30]   [信号G] 窗口 W5: 54 个条件规格组
[11:56:30]   [  [信号G] 挖掘 W1 规则] 开始...
[11:56:33]   [  [信号G] 挖掘 W1 规则] 完成，耗时 2.8s
[11:56:33]   [信号G] W1: 13708 条规则 (规格组 660)
[11:56:33]   [  [信号G] 挖掘 W3 规则] 开始...
[11:56:33]   [  [信号G] 挖掘 W3 规则] 完成，耗时 0.4s
[11:56:33]   [信号G] W3: 2908 条规则 (规格组 66)
[11:56:33]   [  [信号G] 挖掘 W5 规则] 开始...
[11:56:34]   [  [信号G] 挖掘 W5 规则] 完成，耗时 0.4s
[11:56:34]   [信号G] W5: 4565 条规则 (规格组 54)
[11:56:35]   [信号G] W1 平均每样本匹配规则数: 658.8
[11:56:35]   [信号G] W3 平均每样本匹配规则数: 64.3
[11:56:35]   [信号G] W5 平均每样本匹配规则数: 43.7
[11:56:35]   [信号源 G（多期局面条件频率）] 完成，耗时 5.2s
[11:56:35]   信号 G: 512 样本
[11:56:35] 
  --- 网格搜索融合权重 ---
[11:56:35]   基线 AUC (A only): 0.8332
[11:56:35]   可用信号: ['A', 'B', 'C', 'D', 'E', 'F', 'G']
[11:56:46]   阶段1 粗搜索: 210 种配置, 最优 AUC=0.9254
[11:56:57]   阶段2 细搜索: 205 种配置, 最优 AUC=0.9266
[11:56:57]   总搜索: 415 种配置
[11:56:57]   最优配置: {'A': np.float64(0.15), 'B': np.float64(0.8), 'C': np.float64(0.0), 'D': np.float64(0.0), 'E': np.float64(0.0), 'F': np.float64(0.05), 'G': np.float64(0.0)}, AUC=0.9266
[11:56:57]   AUC 提升: +0.0934
[11:56:57] 
  --- 最优配置的 K95 评估 ---
[11:56:57]   K95: [8, 12, 14, 13, 14, 10]
[11:56:57]   整体 AUC: 0.9266
[11:56:57]   组合缩减率: 68.36%
[11:56:57]   组合存活率: 79.88%
[11:56:57]   组合效率: 0.5461
[11:56:57] 
  --- 各信号边际贡献 ---
[11:56:57]   去掉 B: AUC=0.8329, 边际贡献=+0.0936
[11:56:57]   去掉 C: AUC=0.9266, 边际贡献=+0.0000
[11:56:57]   去掉 D: AUC=0.9266, 边际贡献=+0.0000
[11:56:57]   去掉 E: AUC=0.9266, 边际贡献=+0.0000
[11:56:57]   去掉 F: AUC=0.9263, 边际贡献=+0.0003
[11:56:57]   去掉 G: AUC=0.9266, 边际贡献=+0.0000
[11:56:57]   已保存: e3b_signal_fusion_shuangseqiu.json
[11:56:57]   [E3b (shuangseqiu)] 完成，耗时 30.2s
[11:56:57]   [E3c (shuangseqiu)] 开始...
[11:56:57] 
═══════════════════════════════════════════════════════
[11:56:57]   E3c 组合构造验证（规则驱动）: shuangseqiu
[11:56:57] ═══════════════════════════════════════════════════════
[11:56:57]   从缓存加载 probs: phase3_best_probs_shuangseqiu.npz
[11:56:57]   [构建 RuleScorer] 开始...
[11:56:57]   [RuleScorer] 加载原始 A2 规则: a2_exclusion_rules_shuangseqiu.json
[11:56:57]   [RuleScorer] A1 方向模式: 15841 条
[11:56:57]   [RuleScorer] 组合级规则: 253 条, 位置级规则: 247 条
[11:56:57]   [RuleScorer] A3 差分模式: 240 条 (12 组)
[11:56:57]   [RuleScorer] A4 统计量模式: 261 条 (21 组)
[11:56:57]   [构建 RuleScorer] 完成，耗时 0.1s
[11:56:57]   规则评分器: 500 条 A2 规则, 15841 条 A1 模式
[11:56:57] 
  --- Beam Search 参数扫描 ---
[11:56:57] 
  基线（独立 top-K）:
[11:57:33]   存活率: 79.88%, 平均组合数: 350466, 缩减率: 68.36%
[11:57:33] 
  Beam(width=200, rule_weight=0.0, rules=OFF):
[11:57:55]   存活率: 24.80%, 平均组合数: 200, 缩减率: 99.98%, 效率: 0.2480
[11:57:55]   命中组合规则得分: 0.1802
[11:57:55]   未命中组合规则得分: 0.1488
[11:57:55] 
  Beam(width=200, rule_weight=0.1, rules=ON):
[11:59:00]   存活率: 24.80%, 平均组合数: 200, 缩减率: 99.98%, 效率: 0.2480
[11:59:00]   命中组合规则得分: 0.1802
[11:59:00]   未命中组合规则得分: 0.1488
[11:59:00] 
  Beam(width=200, rule_weight=0.2, rules=ON):
[12:00:05]   存活率: 24.80%, 平均组合数: 200, 缩减率: 99.98%, 效率: 0.2480
[12:00:05]   命中组合规则得分: 0.1802
[12:00:05]   未命中组合规则得分: 0.1488
[12:00:05] 
  Beam(width=200, rule_weight=0.3, rules=ON):
[12:01:10]   存活率: 24.80%, 平均组合数: 200, 缩减率: 99.98%, 效率: 0.2480
[12:01:10]   命中组合规则得分: 0.1802
[12:01:10]   未命中组合规则得分: 0.1488
[12:01:10] 
  Beam(width=200, rule_weight=0.5, rules=ON):
[12:02:15]   存活率: 24.80%, 平均组合数: 200, 缩减率: 99.98%, 效率: 0.2480
[12:02:15]   命中组合规则得分: 0.1802
[12:02:15]   未命中组合规则得分: 0.1488
[12:02:15] 
  Beam(width=500, rule_weight=0.0, rules=OFF):
[12:02:27]   存活率: 35.55%, 平均组合数: 500, 缩减率: 99.95%, 效率: 0.3553
[12:02:27]   命中组合规则得分: 0.1768
[12:02:27]   未命中组合规则得分: 0.1454
[12:02:27] 
  Beam(width=500, rule_weight=0.2, rules=ON):
[12:04:59]   存活率: 35.55%, 平均组合数: 500, 缩减率: 99.95%, 效率: 0.3553
[12:04:59]   命中组合规则得分: 0.1768
[12:04:59]   未命中组合规则得分: 0.1454
[12:04:59] 
  Beam(width=500, rule_weight=0.3, rules=ON):
[12:07:32]   存活率: 35.55%, 平均组合数: 500, 缩减率: 99.95%, 效率: 0.3553
[12:07:32]   命中组合规则得分: 0.1768
[12:07:32]   未命中组合规则得分: 0.1454
[12:07:32] 
  最优 Beam 配置: bw500_rw0.0, 效率: 0.3553
[12:07:32]   无规则基线 (bw200_rw0.0) 效率: 0.2480
[12:07:32]   规则带来的效率提升: +0.1073
[12:07:32]   已保存: e3c_combo_construction_shuangseqiu.json
[12:07:32]   [E3c (shuangseqiu)] 完成，耗时 635.2s
[12:07:32]   [E3d (shuangseqiu)] 开始...
[12:07:32] 
═══════════════════════════════════════════════════════
[12:07:32]   E3d 端到端评估: shuangseqiu
[12:07:32] ═══════════════════════════════════════════════════════
[12:07:32]   从缓存加载 probs: phase3_best_probs_shuangseqiu.npz
[12:07:32] 
  [Layer 0] 硬排除...
[12:07:32]   平均候选数: 19.8/33, 误排除率: 1.1719%
[12:07:32] 
  [Layer 1] 多信号融合...
[12:07:32]   [信号B] 加载 1000 个规则簇
[12:07:34]   [信号D] A3 规则: 240 条 (分 12 组)
[12:07:34]   [信号E] A4 规则: 261 条 (分 21 组)
[12:07:34]   [信号F] 加载 E1 规律库: 402 条规则, 覆盖 6 个位置
[12:07:36]   [信号F] 平均每位置匹配规则数: 3.8
[12:07:36]   [信号G] 窗口 W1: 660 个条件规格组
[12:07:36]   [信号G] 窗口 W3: 66 个条件规格组
[12:07:36]   [信号G] 窗口 W5: 54 个条件规格组
[12:07:36]   [  [信号G] 挖掘 W1 规则] 开始...
[12:07:39]   [  [信号G] 挖掘 W1 规则] 完成，耗时 2.8s
[12:07:39]   [信号G] W1: 13708 条规则 (规格组 660)
[12:07:39]   [  [信号G] 挖掘 W3 规则] 开始...
[12:07:39]   [  [信号G] 挖掘 W3 规则] 完成，耗时 0.4s
[12:07:39]   [信号G] W3: 2908 条规则 (规格组 66)
[12:07:39]   [  [信号G] 挖掘 W5 规则] 开始...
[12:07:39]   [  [信号G] 挖掘 W5 规则] 完成，耗时 0.3s
[12:07:39]   [信号G] W5: 4565 条规则 (规格组 54)
[12:07:41]   [信号G] W1 平均每样本匹配规则数: 658.8
[12:07:41]   [信号G] W3 平均每样本匹配规则数: 64.3
[12:07:41]   [信号G] W5 平均每样本匹配规则数: 43.7
[12:07:41]   融合权重: alphas={'A': 0.15, 'B': 0.8, 'C': 0.0, 'D': 0.0, 'E': 0.0, 'F': 0.05, 'G': 0.0}
[12:07:41]   K95: [8, 12, 14, 13, 14, 10]
[12:07:41] 
  [Layer 2] Beam Search 组合构造（规则驱动）...
[12:07:41]   [构建 RuleScorer] 开始...
[12:07:41]   [RuleScorer] 加载原始 A2 规则: a2_exclusion_rules_shuangseqiu.json
[12:07:41]   [RuleScorer] A1 方向模式: 15841 条
[12:07:41]   [RuleScorer] 组合级规则: 253 条, 位置级规则: 247 条
[12:07:41]   [RuleScorer] A3 差分模式: 240 条 (12 组)
[12:07:41]   [RuleScorer] A4 统计量模式: 261 条 (21 组)
[12:07:41]   [构建 RuleScorer] 完成，耗时 0.2s
[12:07:41]   规则评分器: 500 条 A2 规则, 15841 条 A1 模式, 240 条 A3 差分模式, 261 条 A4 统计量模式
[12:07:41]   Beam 参数: width=500, rule_weight=0.0
[12:07:41] 
  [Layer 3] 组合排序与最终评估...
[12:10:12] 
  === 端到端结果 ===
[12:10:12]   组合存活率: 35.35%
[12:10:12]   平均组合数: 500
[12:10:12]   组合缩减率: 99.95%
[12:10:12]   组合效率: 0.3534
[12:10:12]   命中时平均排名: 143.1
[12:10:12]   Top-10 命中率: 5.86%
[12:10:12]   Top-50 命中率: 13.09%
[12:10:12]   Top-100 命中率: 19.14%
[12:10:12]   Top-200 命中率: 24.61%
[12:10:12] 
  --- 蓝球独立评估 ---
[12:10:12]   蓝球最优方法: 3B_xgboost
[12:10:12]   蓝球方向准确率: 96.09%
[12:10:12]   蓝球缩减率: 36.50%
[12:10:12]   蓝球存活率: 97.85%
[12:10:12]   蓝球效率: 0.3571
[12:10:12]   红球效率: 0.3534
[12:10:12]   综合效率（红×蓝）: 0.1262
[12:10:12] 
  --- 与基线对比 ---
[12:10:12]   E1 基线: 存活=0.00%, 缩减=0.00%, 效率=0.0000
[12:10:12]   E3 vs E1: 效率提升 +0.3534
[12:10:12]   已保存: e3d_end_to_end_shuangseqiu.json
[12:10:12]   [E3d (shuangseqiu)] 完成，耗时 160.1s
[12:10:12] 

############################################################
[12:10:12]   彩种: DALETOU
[12:10:12] ############################################################
[12:10:12]   [E3a (daletou)] 开始...
[12:10:12] 
═══════════════════════════════════════════════════════
[12:10:12]   E3a 硬排除边界验证: daletou
[12:10:12] ═══════════════════════════════════════════════════════
[12:10:12]   从缓存加载 probs: phase3_best_probs_daletou.npz
[12:10:12]   测试样本: 425, 位置数: 5, 红球范围: 1-35
[12:10:12]   [统计差分分布] 开始...
[12:10:12]   [统计差分分布] 完成，耗时 0.0s
[12:10:12] 
  --- 规则 1：排序约束值域传播 ---
[12:10:12]   误排除率: 0.0000% (0/2125)
[12:10:12]   每位置平均排除: 4.0/35
[12:10:12] 
  --- 规则 2：方向极端概率排除 ---
[12:10:12]   θ=0.90: 误排除=4.3189%, 触发率=56.66%, 平均排除=13.0 [NO-GO]
[12:10:12]   θ=0.92: 误排除=3.8567%, 触发率=51.25%, 平均排除=12.8 [NO-GO]
[12:10:12]   θ=0.94: 误排除=3.0303%, 触发率=45.04%, 平均排除=12.5 [NO-GO]
[12:10:12]   θ=0.95: 误排除=2.6838%, 触发率=40.33%, 平均排除=12.4 [NO-GO]
[12:10:12]   θ=0.96: 误排除=2.8340%, 触发率=34.87%, 平均排除=12.3 [NO-GO]
[12:10:12]   θ=0.97: 误排除=2.5729%, 触发率=27.44%, 平均排除=11.8 [NO-GO]
[12:10:12]   θ=0.98: 误排除=2.3747%, 触发率=17.84%, 平均排除=11.1 [NO-GO]
[12:10:12]   θ=0.99: 误排除=1.6807%, 触发率=5.60%, 平均排除=9.3 [NO-GO]
[12:10:12]   无满足条件的阈值
[12:10:12] 
  --- 规则 3：差分幅度极端值排除 ---
[12:10:12]   误排除率: 0.7059% (15/2125)
[12:10:12]   每位置平均排除: 5.7/35
[12:10:12] 
  E3a 汇总: 2 条规则通过 (['rule1_ordering_constraint', 'rule3_diff_extreme'])
[12:10:12]   已保存: e3a_hard_exclusion_daletou.json
[12:10:12]   [E3a (daletou)] 完成，耗时 0.0s
[12:10:12]   [E3b (daletou)] 开始...
[12:10:12] 
═══════════════════════════════════════════════════════
[12:10:12]   E3b 多信号融合验证: daletou
[12:10:12] ═══════════════════════════════════════════════════════
[12:10:12]   从缓存加载 probs: phase3_best_probs_daletou.npz
[12:10:12]   [预计算差分分布] 开始...
[12:10:12]   [预计算差分分布] 完成，耗时 0.0s
[12:10:12]   [构建条件概率矩阵] 开始...
[12:10:12]   [构建条件概率矩阵] 完成，耗时 0.0s
[12:10:12]   [信号源 A（基线权重）] 开始...
[12:10:12]   [信号源 A（基线权重）] 完成，耗时 0.0s
[12:10:12]   信号 A: 425 样本
[12:10:12]   [信号源 B（规则簇条件权重）] 开始...
[12:10:12]   [信号B] 加载 1000 个规则簇
[12:10:14]   [信号源 B（规则簇条件权重）] 完成，耗时 1.7s
[12:10:14]   信号 B: 425 样本
[12:10:14]   [信号源 C（跨位置一致性）] 开始...
[12:10:14]   [信号源 C（跨位置一致性）] 完成，耗时 0.1s
[12:10:14]   信号 C: 425 样本
[12:10:14]   [信号源 D（A3 差分模式）] 开始...
[12:10:14]   [信号D] A3 规则: 200 条 (分 10 组)
[12:10:14]   [信号源 D（A3 差分模式）] 完成，耗时 0.1s
[12:10:14]   信号 D: 425 样本
[12:10:14]   [信号源 E（A4 统计量模式）] 开始...
[12:10:14]   [信号E] A4 规则: 262 条 (分 21 组)
[12:10:14]   [信号源 E（A4 统计量模式）] 完成，耗时 0.1s
[12:10:14]   信号 E: 425 样本
[12:10:14]   [信号源 F（E1 规律库幅度分布）] 开始...
[12:10:14]   [信号F] 加载 E1 规律库: 333 条规则, 覆盖 5 个位置
[12:10:15]   [信号F] 平均每位置匹配规则数: 4.3
[12:10:15]   [信号源 F（E1 规律库幅度分布）] 完成，耗时 0.9s
[12:10:15]   信号 F: 425 样本
[12:10:15]   [信号源 G（多期局面条件频率）] 开始...
[12:10:15]   [信号G] 窗口 W1: 550 个条件规格组
[12:10:15]   [信号G] 窗口 W3: 55 个条件规格组
[12:10:15]   [信号G] 窗口 W5: 45 个条件规格组
[12:10:15]   [  [信号G] 挖掘 W1 规则] 开始...
[12:10:17]   [  [信号G] 挖掘 W1 规则] 完成，耗时 1.8s
[12:10:17]   [信号G] W1: 11576 条规则 (规格组 550)
[12:10:17]   [  [信号G] 挖掘 W3 规则] 开始...
[12:10:17]   [  [信号G] 挖掘 W3 规则] 完成，耗时 0.2s
[12:10:17]   [信号G] W3: 2328 条规则 (规格组 55)
[12:10:17]   [  [信号G] 挖掘 W5 规则] 开始...
[12:10:17]   [  [信号G] 挖掘 W5 规则] 完成，耗时 0.3s
[12:10:17]   [信号G] W5: 3528 条规则 (规格组 45)
[12:10:18]   [信号G] W1 平均每样本匹配规则数: 548.4
[12:10:18]   [信号G] W3 平均每样本匹配规则数: 53.4
[12:10:18]   [信号G] W5 平均每样本匹配规则数: 35.8
[12:10:18]   [信号源 G（多期局面条件频率）] 完成，耗时 3.4s
[12:10:18]   信号 G: 425 样本
[12:10:18] 
  --- 网格搜索融合权重 ---
[12:10:18]   基线 AUC (A only): 0.7819
[12:10:18]   可用信号: ['A', 'B', 'C', 'D', 'E', 'F', 'G']
[12:10:26]   阶段1 粗搜索: 210 种配置, 最优 AUC=0.8869
[12:11:27]   阶段2 细搜索: 1350 种配置, 最优 AUC=0.8884
[12:11:27]   总搜索: 1560 种配置
[12:11:27]   最优配置: {'A': np.float64(0.15), 'B': np.float64(0.55), 'C': np.float64(0.2), 'D': np.float64(0.1), 'E': np.float64(0.0), 'F': np.float64(0.0), 'G': np.float64(0.0)}, AUC=0.8884
[12:11:27]   AUC 提升: +0.1065
[12:11:27] 
  --- 最优配置的 K95 评估 ---
[12:11:27]   K95: [14, 16, 18, 19, 16]
[12:11:27]   整体 AUC: 0.8884
[12:11:27]   组合缩减率: 48.37%
[12:11:27]   组合存活率: 82.12%
[12:11:27]   组合效率: 0.3972
[12:11:27] 
  --- 各信号边际贡献 ---
[12:11:27]   去掉 B: AUC=0.7706, 边际贡献=+0.1178
[12:11:27]   去掉 C: AUC=0.8864, 边际贡献=+0.0020
[12:11:27]   去掉 D: AUC=0.8882, 边际贡献=+0.0002
[12:11:27]   去掉 E: AUC=0.8884, 边际贡献=+0.0000
[12:11:27]   去掉 F: AUC=0.8884, 边际贡献=+0.0000
[12:11:27]   去掉 G: AUC=0.8884, 边际贡献=+0.0000
[12:11:27]   已保存: e3b_signal_fusion_daletou.json
[12:11:27]   [E3b (daletou)] 完成，耗时 75.2s
[12:11:27]   [E3c (daletou)] 开始...
[12:11:27] 
═══════════════════════════════════════════════════════
[12:11:27]   E3c 组合构造验证（规则驱动）: daletou
[12:11:27] ═══════════════════════════════════════════════════════
[12:11:27]   从缓存加载 probs: phase3_best_probs_daletou.npz
[12:11:27]   [构建 RuleScorer] 开始...
[12:11:27]   [RuleScorer] 加载原始 A2 规则: a2_exclusion_rules_daletou.json
[12:11:27]   [RuleScorer] A1 方向模式: 9298 条
[12:11:27]   [RuleScorer] 组合级规则: 350 条, 位置级规则: 150 条
[12:11:27]   [RuleScorer] A3 差分模式: 200 条 (10 组)
[12:11:27]   [RuleScorer] A4 统计量模式: 262 条 (21 组)
[12:11:27]   [构建 RuleScorer] 完成，耗时 0.1s
[12:11:27]   规则评分器: 500 条 A2 规则, 9298 条 A1 模式
[12:11:27] 
  --- Beam Search 参数扫描 ---
[12:11:27] 
  基线（独立 top-K）:
[12:11:40]   存活率: 82.12%, 平均组合数: 167616, 缩减率: 48.37%
[12:11:40] 
  Beam(width=200, rule_weight=0.0, rules=OFF):
[12:11:48]   存活率: 18.35%, 平均组合数: 200, 缩减率: 99.94%, 效率: 0.1834
[12:11:48]   命中组合规则得分: 0.2059
[12:11:48]   未命中组合规则得分: 0.1675
[12:11:48] 
  Beam(width=200, rule_weight=0.1, rules=ON):
[12:12:36]   存活率: 18.35%, 平均组合数: 200, 缩减率: 99.94%, 效率: 0.1834
[12:12:36]   命中组合规则得分: 0.2059
[12:12:36]   未命中组合规则得分: 0.1675
[12:12:36] 
  Beam(width=200, rule_weight=0.2, rules=ON):
[12:13:24]   存活率: 18.35%, 平均组合数: 200, 缩减率: 99.94%, 效率: 0.1834
[12:13:24]   命中组合规则得分: 0.2059
[12:13:24]   未命中组合规则得分: 0.1675
[12:13:24] 
  Beam(width=200, rule_weight=0.3, rules=ON):
[12:14:12]   存活率: 18.35%, 平均组合数: 200, 缩减率: 99.94%, 效率: 0.1834
[12:14:12]   命中组合规则得分: 0.2059
[12:14:12]   未命中组合规则得分: 0.1675
[12:14:12] 
  Beam(width=200, rule_weight=0.5, rules=ON):
[12:15:00]   存活率: 18.35%, 平均组合数: 200, 缩减率: 99.94%, 效率: 0.1834
[12:15:00]   命中组合规则得分: 0.2059
[12:15:00]   未命中组合规则得分: 0.1675
[12:15:00] 
  Beam(width=500, rule_weight=0.0, rules=OFF):
[12:15:06]   存活率: 26.35%, 平均组合数: 500, 缩减率: 99.85%, 效率: 0.2631
[12:15:06]   命中组合规则得分: 0.1999
[12:15:06]   未命中组合规则得分: 0.1655
[12:15:06] 
  Beam(width=500, rule_weight=0.2, rules=ON):
[12:17:02]   存活率: 26.35%, 平均组合数: 500, 缩减率: 99.85%, 效率: 0.2631
[12:17:02]   命中组合规则得分: 0.1999
[12:17:02]   未命中组合规则得分: 0.1655
[12:17:02] 
  Beam(width=500, rule_weight=0.3, rules=ON):
[12:18:56]   存活率: 26.35%, 平均组合数: 500, 缩减率: 99.85%, 效率: 0.2631
[12:18:56]   命中组合规则得分: 0.1999
[12:18:56]   未命中组合规则得分: 0.1655
[12:18:56] 
  最优 Beam 配置: bw500_rw0.0, 效率: 0.2631
[12:18:56]   无规则基线 (bw200_rw0.0) 效率: 0.1834
[12:18:56]   规则带来的效率提升: +0.0797
[12:18:56]   已保存: e3c_combo_construction_daletou.json
[12:18:56]   [E3c (daletou)] 完成，耗时 449.1s
[12:18:56]   [E3d (daletou)] 开始...
[12:18:56] 
═══════════════════════════════════════════════════════
[12:18:56]   E3d 端到端评估: daletou
[12:18:56] ═══════════════════════════════════════════════════════
[12:18:56]   从缓存加载 probs: phase3_best_probs_daletou.npz
[12:18:56] 
  [Layer 0] 硬排除...
[12:18:56]   平均候选数: 27.6/35, 误排除率: 0.7059%
[12:18:56] 
  [Layer 1] 多信号融合...
[12:18:56]   [信号B] 加载 1000 个规则簇
[12:18:58]   [信号D] A3 规则: 200 条 (分 10 组)
[12:18:58]   [信号E] A4 规则: 262 条 (分 21 组)
[12:18:58]   [信号F] 加载 E1 规律库: 333 条规则, 覆盖 5 个位置
[12:18:59]   [信号F] 平均每位置匹配规则数: 4.3
[12:18:59]   [信号G] 窗口 W1: 550 个条件规格组
[12:18:59]   [信号G] 窗口 W3: 55 个条件规格组
[12:18:59]   [信号G] 窗口 W5: 45 个条件规格组
[12:18:59]   [  [信号G] 挖掘 W1 规则] 开始...
[12:19:01]   [  [信号G] 挖掘 W1 规则] 完成，耗时 1.8s
[12:19:01]   [信号G] W1: 11576 条规则 (规格组 550)
[12:19:01]   [  [信号G] 挖掘 W3 规则] 开始...
[12:19:01]   [  [信号G] 挖掘 W3 规则] 完成，耗时 0.2s
[12:19:01]   [信号G] W3: 2328 条规则 (规格组 55)
[12:19:01]   [  [信号G] 挖掘 W5 规则] 开始...
[12:19:02]   [  [信号G] 挖掘 W5 规则] 完成，耗时 0.2s
[12:19:02]   [信号G] W5: 3528 条规则 (规格组 45)
[12:19:03]   [信号G] W1 平均每样本匹配规则数: 548.4
[12:19:03]   [信号G] W3 平均每样本匹配规则数: 53.4
[12:19:03]   [信号G] W5 平均每样本匹配规则数: 35.8
[12:19:03]   融合权重: alphas={'A': 0.15, 'B': 0.55, 'C': 0.2, 'D': 0.1, 'E': 0.0, 'F': 0.0, 'G': 0.0}
[12:19:03]   K95: [14, 16, 18, 19, 16]
[12:19:03] 
  [Layer 2] Beam Search 组合构造（规则驱动）...
[12:19:03]   [构建 RuleScorer] 开始...
[12:19:03]   [RuleScorer] 加载原始 A2 规则: a2_exclusion_rules_daletou.json
[12:19:03]   [RuleScorer] A1 方向模式: 9298 条
[12:19:03]   [RuleScorer] 组合级规则: 350 条, 位置级规则: 150 条
[12:19:03]   [RuleScorer] A3 差分模式: 200 条 (10 组)
[12:19:03]   [RuleScorer] A4 统计量模式: 262 条 (21 组)
[12:19:03]   [构建 RuleScorer] 完成，耗时 0.1s
[12:19:03]   规则评分器: 500 条 A2 规则, 9298 条 A1 模式, 200 条 A3 差分模式, 262 条 A4 统计量模式
[12:19:03]   Beam 参数: width=500, rule_weight=0.0
[12:19:03] 
  [Layer 3] 组合排序与最终评估...
[12:20:58] 
  === 端到端结果 ===
[12:20:58]   组合存活率: 25.65%
[12:20:58]   平均组合数: 500
[12:20:58]   组合缩减率: 99.85%
[12:20:58]   组合效率: 0.2561
[12:20:58]   命中时平均排名: 149.4
[12:20:58]   Top-10 命中率: 4.00%
[12:20:58]   Top-50 命中率: 8.24%
[12:20:58]   Top-100 命中率: 13.18%
[12:20:58]   Top-200 命中率: 18.35%
[12:20:58] 
  --- 蓝球独立评估 ---
[12:20:58]   蓝球最优方法: 3B_xgboost
[12:20:58]   蓝球方向准确率: 96.71%
[12:20:58]   蓝球缩减率: 43.82%
[12:20:58]   蓝球存活率: 98.35%
[12:20:58]   蓝球效率: 0.4310
[12:20:58]   红球效率: 0.2561
[12:20:58]   综合效率（红×蓝）: 0.1104
[12:20:58] 
  --- 与基线对比 ---
[12:20:58]   E1 基线: 存活=0.00%, 缩减=0.00%, 效率=0.0000
[12:20:58]   E3 vs E1: 效率提升 +0.2561
[12:20:58]   已保存: e3d_end_to_end_daletou.json
[12:20:58]   [E3d (daletou)] 完成，耗时 121.1s
[12:20:58] 
============================================================
[12:20:58]   E3 实验完成
[12:20:58] ============================================================
