[21:54:53] ============================================================
[21:54:53]   E0-Step7: 跨位置联合建模实验
[21:54:53] ============================================================
[21:54:53] 
════════════════════════════════════════════════════════════
[21:54:53]   E0-Step7 跨位置联合建模: daletou
[21:54:53] ════════════════════════════════════════════════════════════
[21:54:53]   [Phase1 [daletou]] 开始...
[21:54:53] 
────────────────────────────────────────
[21:54:53] 阶段一：规则压缩 [daletou]
[21:54:53] ────────────────────────────────────────
[21:54:53]   [加载A2规则] 开始...
[21:54:53]   A2规则数: 10000 (JSON中保存的top规则)
[21:54:53]   A2总规则数: 3145919
[21:54:53]   [加载A2规则] 完成，耗时 0.0s
[21:54:53]   [A2规则聚类] 开始...
[21:54:53]   编码 10000 条规则...
[21:54:53]   搜索最优簇数，候选: (100, 200, 500, 800, 1000)
[21:54:53]     k=100: silhouette=0.0782
[21:54:54]     k=200: silhouette=0.0873
[21:54:56]     k=500: silhouette=0.1023
[21:54:58]     k=800: silhouette=0.1102
[21:55:00]     k=1000: silhouette=0.1103
[21:55:00]   最优簇数: 1000, silhouette=0.1103
[21:55:00]   [A2规则聚类] 完成，耗时 7.3s
[21:55:00]   [A1模式筛选] 开始...
[21:55:00]   A1总模式数: 11866
[21:55:00]   A1 confidence >= 0.4: 9298/11866
[21:55:00]   A1 分组筛选后: 812 条模式
[21:55:00]   [A1模式筛选] 完成，耗时 0.0s
[21:55:00]   已保存: phase1_clusters_daletou.json
[21:55:00] 
  阶段一汇总:
[21:55:00]     A2: 10000 条 → 1000 个簇 (silhouette=0.1103)
[21:55:00]     A1: 11866 条 → 812 条
[21:55:00]   [Phase1 [daletou]] 完成，耗时 7.4s
[21:55:00]   [Phase2 [daletou]] 开始...
[21:55:00] 
────────────────────────────────────────
[21:55:00] 阶段二：历史回放 [daletou]
[21:55:00] ────────────────────────────────────────
[21:55:00]   [加载数据] 开始...
[21:55:00]   总期数: 2833, 红球位置数: 5
[21:55:00]   [加载数据] 完成，耗时 0.0s
[21:55:00]   [预计算差分和统计量] 开始...
[21:55:00]   [预计算差分和统计量] 完成，耗时 0.0s
[21:55:00]   时间切分: 规则期[0:1699], 训练期[1699:2408], 测试期[2408:2833]
[21:55:00]   训练样本: 709 期, 测试样本: 425 期
[21:55:00]   [拟合归一化器] 开始...
[21:55:00]   [拟合归一化器] 完成，耗时 0.0s
[21:55:00]   [加载 A3/A4 规则] 开始...
[21:55:00]   A3 规则: 500 条, A4 规则: 1227 条
[21:55:00]   [加载 A3/A4 规则] 完成，耗时 0.0s
[21:55:00]   [A3 预计算离散化] 开始...
[21:55:00]   A3 分组: 10 组, 特征维度: 100
[21:55:00]   [A3 预计算离散化] 完成，耗时 0.0s
[21:55:00]   [A4 预计算离散化] 开始...
[21:55:00]   A4 分组: 21 组, 特征维度: 132
[21:55:00]   [A4 预计算离散化] 完成，耗时 0.0s
[21:55:00]   [构造训练集特征] 开始...
[21:55:01]     训练集进度: 100/709
[21:55:01]     训练集进度: 200/709
[21:55:01]     训练集进度: 300/709
[21:55:01]     训练集进度: 400/709
[21:55:01]     训练集进度: 500/709
[21:55:01]     训练集进度: 600/709
[21:55:01]     训练集进度: 700/709
[21:55:01]   [构造训练集特征] 完成，耗时 1.1s
[21:55:01]   [构造测试集特征] 开始...
[21:55:02]     测试集进度: 100/425
[21:55:02]     测试集进度: 200/425
[21:55:02]     测试集进度: 300/425
[21:55:02]     测试集进度: 400/425
[21:55:02]   [构造测试集特征] 完成，耗时 0.6s
[21:55:02]   [转换为numpy数组] 开始...
[21:55:02]   [转换为numpy数组] 完成，耗时 0.1s
[21:55:02] 
  数据集形状:
[21:55:02]     train_X: (709, 2147), train_Y: (709, 5)
[21:55:02]     test_X:  (425, 2147),  test_Y:  (425, 5)
[21:55:02]     特征数: 2147
[21:55:02]   已保存: phase2_train_daletou.npz
[21:55:02]   已保存: phase2_test_daletou.npz
[21:55:02]   已保存: phase2_feature_names_daletou.json
[21:55:02]   已保存: phase2_summary_daletou.json
[21:55:02]   [Phase2 [daletou]] 完成，耗时 1.9s
[21:55:02] 
  特征维度: 2147, 训练样本: 709, 测试样本: 425
[21:55:02]   位置数: 5
[21:55:02] 
──────────────────────────────────────────────────
[21:55:02]   方案 A_independent: 逐位置独立MLP（基线）
[21:55:02] ──────────────────────────────────────────────────
[21:55:02]   [A_independent] 开始...
[21:55:03]     设备: mps
[21:55:05]       P0: epochs=67, val_loss=0.5162
[21:55:06]       P1: epochs=67, val_loss=0.3265
[21:55:07]       P2: epochs=65, val_loss=0.4274
[21:55:08]       P3: epochs=70, val_loss=0.3573
[21:55:09]       P4: epochs=67, val_loss=0.4040
[21:55:09]   [A_independent] 完成，耗时 6.6s
[21:55:09] 
  结果:
[21:55:09]     方向准确率: 0.8645
[21:55:09]     组合准确率: 0.5176
[21:55:09]     缩减率: 0.3425
[21:55:09]     存活率: 0.9341
[21:55:09]     综合效率: 0.3199
[21:55:09]     方向一致性: 0.7647
[21:55:09] 
──────────────────────────────────────────────────
[21:55:09]   方案 B_multitask: 多任务MLP（共享底层）
[21:55:09] ──────────────────────────────────────────────────
[21:55:09]   [B_multitask] 开始...
[21:55:09]     设备: mps
[21:55:12]     epochs=73, val_loss=0.4803
[21:55:12]   [B_multitask] 完成，耗时 3.0s
[21:55:12] 
  结果:
[21:55:12]     方向准确率: 0.8508
[21:55:12]     组合准确率: 0.4682
[21:55:12]     缩减率: 0.3434
[21:55:12]     存活率: 0.9285
[21:55:12]     综合效率: 0.3189
[21:55:12]     方向一致性: 0.8024
[21:55:12] 
──────────────────────────────────────────────────
[21:55:12]   方案 C_autoregressive: 自回归MLP（序列化预测）
[21:55:12] ──────────────────────────────────────────────────
[21:55:12]   [C_autoregressive] 开始...
[21:55:12]     设备: mps
[21:55:15]     epochs=62, val_loss=0.4442
[21:55:15]   [C_autoregressive] 完成，耗时 3.4s
[21:55:15] 
  结果:
[21:55:15]     方向准确率: 0.8584
[21:55:15]     组合准确率: 0.4941
[21:55:15]     缩减率: 0.3278
[21:55:15]     存活率: 0.9360
[21:55:15]     综合效率: 0.3069
[21:55:15]     方向一致性: 0.7476
[21:55:15] 
════════════════════════════════════════════════════════════
[21:55:15]   汇总对比: daletou
[21:55:15] ════════════════════════════════════════════════════════════
[21:55:15] 
  方案                   方向准确率        组合准确率        综合效率       一致性       
[21:55:15]   ────────────────────────────────────────────────────────────────
[21:55:15]   逐位置独立MLP（基线）         0.8645       0.5176       0.3199     0.7647    
[21:55:15]   多任务MLP（共享底层）         0.8508       0.4682       0.3189     0.8024    
[21:55:15]   自回归MLP（序列化预测）        0.8584       0.4941       0.3069     0.7476    
[21:55:15] 
  增量分析（相对基线）:
[21:55:15]     多任务MLP（共享底层）:
[21:55:15]       方向准确率: -0.0136
[21:55:15]       组合准确率: -0.0494
[21:55:15]       综合效率:   -0.0010
[21:55:15]     自回归MLP（序列化预测）:
[21:55:15]       方向准确率: -0.0061
[21:55:15]       组合准确率: -0.0235
[21:55:15]       综合效率:   -0.0130
[21:55:15]   已保存: e0_step7_joint_daletou.json
[21:55:15] 
════════════════════════════════════════════════════════════
[21:55:15]   E0-Step7 跨位置联合建模: shuangseqiu
[21:55:15] ════════════════════════════════════════════════════════════
[21:55:15]   [Phase1 [shuangseqiu]] 开始...
[21:55:15] 
────────────────────────────────────────
[21:55:15] 阶段一：规则压缩 [shuangseqiu]
[21:55:15] ────────────────────────────────────────
[21:55:15]   [加载A2规则] 开始...
[21:55:15]   A2规则数: 10000 (JSON中保存的top规则)
[21:55:15]   A2总规则数: 9273907
[21:55:15]   [加载A2规则] 完成，耗时 0.0s
[21:55:15]   [A2规则聚类] 开始...
[21:55:15]   编码 10000 条规则...
[21:55:15]   搜索最优簇数，候选: (100, 200, 500, 800, 1000)
[21:55:16]     k=100: silhouette=0.0835
[21:55:16]     k=200: silhouette=0.0996
[21:55:18]     k=500: silhouette=0.1106
[21:55:20]     k=800: silhouette=0.1237
[21:55:23]     k=1000: silhouette=0.1279
[21:55:23]   最优簇数: 1000, silhouette=0.1279
[21:55:23]   [A2规则聚类] 完成，耗时 7.8s
[21:55:23]   [A1模式筛选] 开始...
[21:55:23]   A1总模式数: 22153
[21:55:23]   A1 confidence >= 0.4: 15841/22153
[21:55:23]   A1 分组筛选后: 1382 条模式
[21:55:23]   [A1模式筛选] 完成，耗时 0.1s
[21:55:23]   已保存: phase1_clusters_shuangseqiu.json
[21:55:23] 
  阶段一汇总:
[21:55:23]     A2: 10000 条 → 1000 个簇 (silhouette=0.1279)
[21:55:23]     A1: 22153 条 → 1382 条
[21:55:23]   [Phase1 [shuangseqiu]] 完成，耗时 8.0s
[21:55:23]   [Phase2 [shuangseqiu]] 开始...
[21:55:23] 
────────────────────────────────────────
[21:55:23] 阶段二：历史回放 [shuangseqiu]
[21:55:23] ────────────────────────────────────────
[21:55:23]   [加载数据] 开始...
[21:55:23]   总期数: 3413, 红球位置数: 6
[21:55:23]   [加载数据] 完成，耗时 0.0s
[21:55:23]   [预计算差分和统计量] 开始...
[21:55:23]   [预计算差分和统计量] 完成，耗时 0.0s
[21:55:23]   时间切分: 规则期[0:2047], 训练期[2047:2901], 测试期[2901:3413]
[21:55:23]   训练样本: 854 期, 测试样本: 512 期
[21:55:23]   [拟合归一化器] 开始...
[21:55:23]   [拟合归一化器] 完成，耗时 0.0s
[21:55:23]   [加载 A3/A4 规则] 开始...
[21:55:23]   A3 规则: 600 条, A4 规则: 1237 条
[21:55:23]   [加载 A3/A4 规则] 完成，耗时 0.0s
[21:55:23]   [A3 预计算离散化] 开始...
[21:55:23]   A3 分组: 12 组, 特征维度: 120
[21:55:23]   [A3 预计算离散化] 完成，耗时 0.0s
[21:55:23]   [A4 预计算离散化] 开始...
[21:55:23]   A4 分组: 21 组, 特征维度: 135
[21:55:23]   [A4 预计算离散化] 完成，耗时 0.0s
[21:55:23]   [构造训练集特征] 开始...
[21:55:23]     训练集进度: 100/854
[21:55:24]     训练集进度: 200/854
[21:55:24]     训练集进度: 300/854
[21:55:24]     训练集进度: 400/854
[21:55:24]     训练集进度: 500/854
[21:55:24]     训练集进度: 600/854
[21:55:25]     训练集进度: 700/854
[21:55:25]     训练集进度: 800/854
[21:55:25]   [构造训练集特征] 完成，耗时 1.7s
[21:55:25]   [构造测试集特征] 开始...
[21:55:25]     测试集进度: 100/512
[21:55:25]     测试集进度: 200/512
[21:55:26]     测试集进度: 300/512
[21:55:26]     测试集进度: 400/512
[21:55:26]     测试集进度: 500/512
[21:55:26]   [构造测试集特征] 完成，耗时 1.0s
[21:55:26]   [转换为numpy数组] 开始...
[21:55:26]   [转换为numpy数组] 完成，耗时 0.2s
[21:55:26] 
  数据集形状:
[21:55:26]     train_X: (854, 2755), train_Y: (854, 6)
[21:55:26]     test_X:  (512, 2755),  test_Y:  (512, 6)
[21:55:26]     特征数: 2755
[21:55:26]   已保存: phase2_train_shuangseqiu.npz
[21:55:26]   已保存: phase2_test_shuangseqiu.npz
[21:55:26]   已保存: phase2_feature_names_shuangseqiu.json
[21:55:26]   已保存: phase2_summary_shuangseqiu.json
[21:55:26]   [Phase2 [shuangseqiu]] 完成，耗时 3.0s
[21:55:26] 
  特征维度: 2755, 训练样本: 854, 测试样本: 512
[21:55:26]   位置数: 6
[21:55:26] 
──────────────────────────────────────────────────
[21:55:26]   方案 A_independent: 逐位置独立MLP（基线）
[21:55:26] ──────────────────────────────────────────────────
[21:55:26]   [A_independent] 开始...
[21:55:26]     设备: mps
[21:55:27]       P0: epochs=59, val_loss=0.5301
[21:55:29]       P1: epochs=62, val_loss=0.4336
[21:55:30]       P2: epochs=72, val_loss=0.3610
[21:55:31]       P3: epochs=73, val_loss=0.2982
[21:55:32]       P4: epochs=66, val_loss=0.5776
[21:55:34]       P5: epochs=66, val_loss=0.5435
[21:55:34]   [A_independent] 完成，耗时 7.4s
[21:55:34] 
  结果:
[21:55:34]     方向准确率: 0.8431
[21:55:34]     组合准确率: 0.4043
[21:55:34]     缩减率: 0.3228
[21:55:34]     存活率: 0.9307
[21:55:34]     综合效率: 0.3005
[21:55:34]     方向一致性: 0.7965
[21:55:34] 
──────────────────────────────────────────────────
[21:55:34]   方案 B_multitask: 多任务MLP（共享底层）
[21:55:34] ──────────────────────────────────────────────────
[21:55:34]   [B_multitask] 开始...
[21:55:34]     设备: mps
[21:55:38]     epochs=81, val_loss=0.5252
[21:55:38]   [B_multitask] 完成，耗时 4.6s
[21:55:38] 
  结果:
[21:55:38]     方向准确率: 0.8353
[21:55:38]     组合准确率: 0.3887
[21:55:38]     缩减率: 0.3318
[21:55:38]     存活率: 0.9150
[21:55:38]     综合效率: 0.3036
[21:55:38]     方向一致性: 0.8367
[21:55:38] 
──────────────────────────────────────────────────
[21:55:38]   方案 C_autoregressive: 自回归MLP（序列化预测）
[21:55:38] ──────────────────────────────────────────────────
[21:55:38]   [C_autoregressive] 开始...
[21:55:38]     设备: mps
[21:55:43]     epochs=60, val_loss=0.4995
[21:55:43]   [C_autoregressive] 完成，耗时 4.7s
[21:55:43] 
  结果:
[21:55:43]     方向准确率: 0.8301
[21:55:43]     组合准确率: 0.3809
[21:55:43]     缩减率: 0.3083
[21:55:43]     存活率: 0.9251
[21:55:43]     综合效率: 0.2853
[21:55:43]     方向一致性: 0.7984
[21:55:43] 
════════════════════════════════════════════════════════════
[21:55:43]   汇总对比: shuangseqiu
[21:55:43] ════════════════════════════════════════════════════════════
[21:55:43] 
  方案                   方向准确率        组合准确率        综合效率       一致性       
[21:55:43]   ────────────────────────────────────────────────────────────────
[21:55:43]   逐位置独立MLP（基线）         0.8431       0.4043       0.3005     0.7965    
[21:55:43]   多任务MLP（共享底层）         0.8353       0.3887       0.3036     0.8367    
[21:55:43]   自回归MLP（序列化预测）        0.8301       0.3809       0.2853     0.7984    
[21:55:43] 
  增量分析（相对基线）:
[21:55:43]     多任务MLP（共享底层）:
[21:55:43]       方向准确率: -0.0078
[21:55:43]       组合准确率: -0.0156
[21:55:43]       综合效率:   +0.0031
[21:55:43]     自回归MLP（序列化预测）:
[21:55:43]       方向准确率: -0.0130
[21:55:43]       组合准确率: -0.0234
[21:55:43]       综合效率:   -0.0152
[21:55:43]   已保存: e0_step7_joint_shuangseqiu.json
[21:55:43] 
════════════════════════════════════════════════════════════
[21:55:43]   跨彩种汇总
[21:55:43] ════════════════════════════════════════════════════════════
[21:55:43] 
  daletou:
[21:55:43]     多任务MLP（共享底层）: 准确率 0.8508 (-0.0136), 组合准确率 0.4682
[21:55:43]     自回归MLP（序列化预测）: 准确率 0.8584 (-0.0061), 组合准确率 0.4941
[21:55:43] 
  shuangseqiu:
[21:55:43]     多任务MLP（共享底层）: 准确率 0.8353 (-0.0078), 组合准确率 0.3887
[21:55:43]     自回归MLP（序列化预测）: 准确率 0.8301 (-0.0130), 组合准确率 0.3809
[21:55:43] 
  最终结论:
[21:55:43]     daletou: 最优方案 = 逐位置独立MLP（基线）, 准确率 = 0.8645
[21:55:43]     shuangseqiu: 最优方案 = 逐位置独立MLP（基线）, 准确率 = 0.8431
[21:55:43]   已保存: e0_step7_summary.json
[21:55:43] 
════════════════════════════════════════════════════════════
[21:55:43]   E0-Step7 联合建模实验完成！
[21:55:43]   结果目录: /Users/yuanye/Documents/深度搜索/ToBeRich/RichRichRich/src/research/results/e0_step7_joint
[21:55:43] ════════════════════════════════════════════════════════════
